Building Go backend...
Starting backend server on port 8036...
Building Go backend...
Starting backend server on port 8036...
[mysql] 2025/06/29 15:34:04 packets.go:37: unexpected EOF
[mysql] 2025/06/29 15:34:04 packets.go:37: unexpected EOF

2025/06/29 15:34:04 [35m/Users/yoge/dev/yoge/jsc/backend/cmd/server/main.go:111
[0m[31m[error] [0mfailed to initialize database, got error invalid connection
2025/06/29 15:34:04 Failed to connect to database:invalid connection

2025/06/29 15:34:04 [35m/Users/yoge/dev/yoge/jsc/backend/cmd/server/main.go:111
[0m[31m[error] [0mfailed to initialize database, got error invalid connection
2025/06/29 15:34:04 Failed to connect to database:invalid connection
./run-backend.sh: line 13: cd: backend: No such file or directory
Building Go backend...
Starting backend server on port 8036...
[GIN-debug] [WARNING] Creating an Engine instance with the Logger and Recovery middleware already attached.

[GIN-debug] [WARNING] Running in "debug" mode. Switch to "release" mode in production.
 - using env:	export GIN_MODE=release
 - using code:	gin.SetMode(gin.ReleaseMode)

[GIN-debug] GET    /swagger/*any             --> github.com/swaggo/gin-swagger.CustomWrapHandler.func1 (4 handlers)
[GIN-debug] POST   /jxc/v1/auth/login        --> battery-erp-backend/internal/api/v1.(*AuthController).Login-fm (4 handlers)
[GIN-debug] GET    /jxc/v1/users             --> battery-erp-backend/internal/api/v1.(*UserController).GetAll-fm (6 handlers)
[GIN-debug] POST   /jxc/v1/users             --> battery-erp-backend/internal/api/v1.(*UserController).Create-fm (6 handlers)
[GIN-debug] GET    /jxc/v1/users/:id         --> battery-erp-backend/internal/api/v1.(*UserController).GetByID-fm (6 handlers)
[GIN-debug] PUT    /jxc/v1/users/:id         --> battery-erp-backend/internal/api/v1.(*UserController).Update-fm (6 handlers)
[GIN-debug] DELETE /jxc/v1/users/:id         --> battery-erp-backend/internal/api/v1.(*UserController).Delete-fm (6 handlers)
[GIN-debug] GET    /jxc/v1/categories        --> battery-erp-backend/internal/api/v1.(*CategoryController).GetAll-fm (5 handlers)
[GIN-debug] POST   /jxc/v1/categories        --> battery-erp-backend/internal/api/v1.(*CategoryController).Create-fm (6 handlers)
[GIN-debug] GET    /jxc/v1/categories/:id    --> battery-erp-backend/internal/api/v1.(*CategoryController).GetByID-fm (5 handlers)
[GIN-debug] PUT    /jxc/v1/categories/:id    --> battery-erp-backend/internal/api/v1.(*CategoryController).Update-fm (6 handlers)
[GIN-debug] DELETE /jxc/v1/categories/:id    --> battery-erp-backend/internal/api/v1.(*CategoryController).Delete-fm (6 handlers)
[GIN-debug] GET    /jxc/v1/inbound/orders    --> battery-erp-backend/internal/api/v1.(*InboundController).GetAll-fm (5 handlers)
[GIN-debug] POST   /jxc/v1/inbound/orders    --> battery-erp-backend/internal/api/v1.(*InboundController).Create-fm (5 handlers)
[GIN-debug] GET    /jxc/v1/inbound/orders/:id --> battery-erp-backend/internal/api/v1.(*InboundController).GetByID-fm (5 handlers)
[GIN-debug] PUT    /jxc/v1/inbound/orders/:id --> battery-erp-backend/internal/api/v1.(*InboundController).Update-fm (5 handlers)
[GIN-debug] DELETE /jxc/v1/inbound/orders/:id --> battery-erp-backend/internal/api/v1.(*InboundController).Delete-fm (5 handlers)
[GIN-debug] GET    /jxc/v1/outbound/orders   --> battery-erp-backend/internal/api/v1.(*OutboundController).GetAll-fm (5 handlers)
[GIN-debug] POST   /jxc/v1/outbound/orders   --> battery-erp-backend/internal/api/v1.(*OutboundController).Create-fm (5 handlers)
[GIN-debug] GET    /jxc/v1/outbound/orders/:id --> battery-erp-backend/internal/api/v1.(*OutboundController).GetByID-fm (5 handlers)
[GIN-debug] PUT    /jxc/v1/outbound/orders/:id --> battery-erp-backend/internal/api/v1.(*OutboundController).Update-fm (5 handlers)
[GIN-debug] DELETE /jxc/v1/outbound/orders/:id --> battery-erp-backend/internal/api/v1.(*OutboundController).Delete-fm (5 handlers)
[GIN-debug] GET    /jxc/v1/inventory         --> battery-erp-backend/internal/api/v1.(*InventoryController).GetAll-fm (5 handlers)
[GIN-debug] GET    /jxc/v1/inventory/:categoryId --> battery-erp-backend/internal/api/v1.(*InventoryController).GetByCategoryID-fm (5 handlers)
[GIN-debug] GET    /jxc/v1/reports/summary   --> battery-erp-backend/internal/api/v1.(*ReportController).GetSummary-fm (5 handlers)
2025/06/30 15:22:26 Server starting on port 8036
2025/06/30 15:22:26 Swagger documentation available at: http://localhost:8036/swagger/index.html
[GIN-debug] [WARNING] You trusted all proxies, this is NOT safe. We recommend you to set a value.
Please check https://pkg.go.dev/github.com/gin-gonic/gin#readme-don-t-trust-all-proxies for details.
[GIN-debug] Listening and serving HTTP on :8036
[GIN] 2025/06/30 - 15:22:56 | 200 |     856.125µs |       127.0.0.1 | GET      "/swagger/index.html"
[GIN] 2025/06/30 - 15:22:57 | 200 |    2.184334ms |       127.0.0.1 | GET      "/swagger/swagger-ui.css"
[GIN] 2025/06/30 - 15:22:57 | 200 |      840.75µs |       127.0.0.1 | GET      "/swagger/swagger-ui-standalone-preset.js"
[GIN] 2025/06/30 - 15:22:57 | 200 |    3.172167ms |       127.0.0.1 | GET      "/swagger/swagger-ui-bundle.js"
[GIN] 2025/06/30 - 15:22:57 | 200 |      523.75µs |       127.0.0.1 | GET      "/swagger/doc.json"
[GIN] 2025/06/30 - 15:22:57 | 200 |      99.208µs |       127.0.0.1 | GET      "/swagger/favicon-32x32.png"
[GIN] 2025/06/30 - 15:23:52 | 200 |     381.792µs |       127.0.0.1 | GET      "/swagger/index.html"
[GIN] 2025/06/30 - 15:23:52 | 304 |      88.791µs |       127.0.0.1 | GET      "/swagger/swagger-ui-bundle.js"
[GIN] 2025/06/30 - 15:23:52 | 304 |      68.791µs |       127.0.0.1 | GET      "/swagger/swagger-ui.css"
[GIN] 2025/06/30 - 15:23:52 | 304 |      98.208µs |       127.0.0.1 | GET      "/swagger/swagger-ui-standalone-preset.js"
[GIN] 2025/06/30 - 15:23:53 | 200 |     653.917µs |       127.0.0.1 | GET      "/swagger/doc.json"
./run-backend.sh: line 20:  7338 Killed: 9               ./battery_recycle
./run-backend.sh: line 13: cd: backend: No such file or directory
Building Go backend...
Starting backend server on port 8036...
[GIN-debug] [WARNING] Creating an Engine instance with the Logger and Recovery middleware already attached.

[GIN-debug] [WARNING] Running in "debug" mode. Switch to "release" mode in production.
 - using env:	export GIN_MODE=release
 - using code:	gin.SetMode(gin.ReleaseMode)

[GIN-debug] GET    /swagger/*any             --> github.com/swaggo/gin-swagger.CustomWrapHandler.func1 (4 handlers)
[GIN-debug] POST   /jxc/v1/auth/login        --> battery-erp-backend/internal/api/v1.(*AuthController).Login-fm (4 handlers)
[GIN-debug] GET    /jxc/v1/users             --> battery-erp-backend/internal/api/v1.(*UserController).GetAll-fm (6 handlers)
[GIN-debug] POST   /jxc/v1/users             --> battery-erp-backend/internal/api/v1.(*UserController).Create-fm (6 handlers)
[GIN-debug] GET    /jxc/v1/users/:id         --> battery-erp-backend/internal/api/v1.(*UserController).GetByID-fm (6 handlers)
[GIN-debug] PUT    /jxc/v1/users/:id         --> battery-erp-backend/internal/api/v1.(*UserController).Update-fm (6 handlers)
[GIN-debug] DELETE /jxc/v1/users/:id         --> battery-erp-backend/internal/api/v1.(*UserController).Delete-fm (6 handlers)
[GIN-debug] GET    /jxc/v1/categories        --> battery-erp-backend/internal/api/v1.(*CategoryController).GetAll-fm (5 handlers)
[GIN-debug] POST   /jxc/v1/categories        --> battery-erp-backend/internal/api/v1.(*CategoryController).Create-fm (6 handlers)
[GIN-debug] GET    /jxc/v1/categories/:id    --> battery-erp-backend/internal/api/v1.(*CategoryController).GetByID-fm (5 handlers)
[GIN-debug] PUT    /jxc/v1/categories/:id    --> battery-erp-backend/internal/api/v1.(*CategoryController).Update-fm (6 handlers)
[GIN-debug] DELETE /jxc/v1/categories/:id    --> battery-erp-backend/internal/api/v1.(*CategoryController).Delete-fm (6 handlers)
[GIN-debug] GET    /jxc/v1/inbound/orders    --> battery-erp-backend/internal/api/v1.(*InboundController).GetAll-fm (5 handlers)
[GIN-debug] POST   /jxc/v1/inbound/orders    --> battery-erp-backend/internal/api/v1.(*InboundController).Create-fm (5 handlers)
[GIN-debug] GET    /jxc/v1/inbound/orders/:id --> battery-erp-backend/internal/api/v1.(*InboundController).GetByID-fm (5 handlers)
[GIN-debug] PUT    /jxc/v1/inbound/orders/:id --> battery-erp-backend/internal/api/v1.(*InboundController).Update-fm (5 handlers)
[GIN-debug] DELETE /jxc/v1/inbound/orders/:id --> battery-erp-backend/internal/api/v1.(*InboundController).Delete-fm (5 handlers)
[GIN-debug] GET    /jxc/v1/outbound/orders   --> battery-erp-backend/internal/api/v1.(*OutboundController).GetAll-fm (5 handlers)
[GIN-debug] POST   /jxc/v1/outbound/orders   --> battery-erp-backend/internal/api/v1.(*OutboundController).Create-fm (5 handlers)
[GIN-debug] GET    /jxc/v1/outbound/orders/:id --> battery-erp-backend/internal/api/v1.(*OutboundController).GetByID-fm (5 handlers)
[GIN-debug] PUT    /jxc/v1/outbound/orders/:id --> battery-erp-backend/internal/api/v1.(*OutboundController).Update-fm (5 handlers)
[GIN-debug] DELETE /jxc/v1/outbound/orders/:id --> battery-erp-backend/internal/api/v1.(*OutboundController).Delete-fm (5 handlers)
[GIN-debug] GET    /jxc/v1/inventory         --> battery-erp-backend/internal/api/v1.(*InventoryController).GetAll-fm (5 handlers)
[GIN-debug] GET    /jxc/v1/inventory/:categoryId --> battery-erp-backend/internal/api/v1.(*InventoryController).GetByCategoryID-fm (5 handlers)
[GIN-debug] GET    /jxc/v1/reports/summary   --> battery-erp-backend/internal/api/v1.(*ReportController).GetSummary-fm (5 handlers)
2025/06/30 15:29:15 Server starting on port 8036
2025/06/30 15:29:15 Swagger documentation available at: http://localhost:8036/swagger/index.html
[GIN-debug] [WARNING] You trusted all proxies, this is NOT safe. We recommend you to set a value.
Please check https://pkg.go.dev/github.com/gin-gonic/gin#readme-don-t-trust-all-proxies for details.
[GIN-debug] Listening and serving HTTP on :8036
[GIN] 2025/06/30 - 15:29:16 | 200 |     419.791µs |       127.0.0.1 | GET      "/swagger/index.html"
[GIN] 2025/06/30 - 15:29:16 | 200 |      639.25µs |       127.0.0.1 | GET      "/swagger/swagger-ui.css"
[GIN] 2025/06/30 - 15:29:16 | 200 |     435.875µs |       127.0.0.1 | GET      "/swagger/swagger-ui-standalone-preset.js"
[GIN] 2025/06/30 - 15:29:16 | 200 |    3.388167ms |       127.0.0.1 | GET      "/swagger/swagger-ui-bundle.js"
[GIN] 2025/06/30 - 15:29:17 | 200 |     276.125µs |       127.0.0.1 | GET      "/swagger/doc.json"
[GIN] 2025/06/30 - 15:29:17 | 200 |      64.041µs |       127.0.0.1 | GET      "/swagger/favicon-32x32.png"
./run-backend.sh: line 20: 22954 Killed: 9               ./battery_recycle
./run-backend.sh: line 13: cd: backend: No such file or directory
Building Go backend...
Starting backend server on port 8036...
[GIN-debug] [WARNING] Creating an Engine instance with the Logger and Recovery middleware already attached.

[GIN-debug] [WARNING] Running in "debug" mode. Switch to "release" mode in production.
 - using env:	export GIN_MODE=release
 - using code:	gin.SetMode(gin.ReleaseMode)

[GIN-debug] GET    /swagger/*any             --> github.com/swaggo/gin-swagger.CustomWrapHandler.func1 (4 handlers)
[GIN-debug] POST   /jxc/v1/auth/login        --> battery-erp-backend/internal/api/v1.(*AuthController).Login-fm (4 handlers)
[GIN-debug] GET    /jxc/v1/users             --> battery-erp-backend/internal/api/v1.(*UserController).GetAll-fm (6 handlers)
[GIN-debug] POST   /jxc/v1/users             --> battery-erp-backend/internal/api/v1.(*UserController).Create-fm (6 handlers)
[GIN-debug] GET    /jxc/v1/users/:id         --> battery-erp-backend/internal/api/v1.(*UserController).GetByID-fm (6 handlers)
[GIN-debug] PUT    /jxc/v1/users/:id         --> battery-erp-backend/internal/api/v1.(*UserController).Update-fm (6 handlers)
[GIN-debug] DELETE /jxc/v1/users/:id         --> battery-erp-backend/internal/api/v1.(*UserController).Delete-fm (6 handlers)
[GIN-debug] GET    /jxc/v1/categories        --> battery-erp-backend/internal/api/v1.(*CategoryController).GetAll-fm (5 handlers)
[GIN-debug] POST   /jxc/v1/categories        --> battery-erp-backend/internal/api/v1.(*CategoryController).Create-fm (6 handlers)
[GIN-debug] GET    /jxc/v1/categories/:id    --> battery-erp-backend/internal/api/v1.(*CategoryController).GetByID-fm (5 handlers)
[GIN-debug] PUT    /jxc/v1/categories/:id    --> battery-erp-backend/internal/api/v1.(*CategoryController).Update-fm (6 handlers)
[GIN-debug] DELETE /jxc/v1/categories/:id    --> battery-erp-backend/internal/api/v1.(*CategoryController).Delete-fm (6 handlers)
[GIN-debug] POST   /jxc/v1/inbound/orders/search --> battery-erp-backend/internal/api/v1.(*InboundController).GetAll-fm (5 handlers)
[GIN-debug] POST   /jxc/v1/inbound/orders    --> battery-erp-backend/internal/api/v1.(*InboundController).Create-fm (5 handlers)
[GIN-debug] GET    /jxc/v1/inbound/orders/:id --> battery-erp-backend/internal/api/v1.(*InboundController).GetByID-fm (5 handlers)
[GIN-debug] PUT    /jxc/v1/inbound/orders/:id --> battery-erp-backend/internal/api/v1.(*InboundController).Update-fm (5 handlers)
[GIN-debug] DELETE /jxc/v1/inbound/orders/:id --> battery-erp-backend/internal/api/v1.(*InboundController).Delete-fm (5 handlers)
[GIN-debug] GET    /jxc/v1/outbound/orders   --> battery-erp-backend/internal/api/v1.(*OutboundController).GetAll-fm (5 handlers)
[GIN-debug] POST   /jxc/v1/outbound/orders   --> battery-erp-backend/internal/api/v1.(*OutboundController).Create-fm (5 handlers)
[GIN-debug] GET    /jxc/v1/outbound/orders/:id --> battery-erp-backend/internal/api/v1.(*OutboundController).GetByID-fm (5 handlers)
[GIN-debug] PUT    /jxc/v1/outbound/orders/:id --> battery-erp-backend/internal/api/v1.(*OutboundController).Update-fm (5 handlers)
[GIN-debug] DELETE /jxc/v1/outbound/orders/:id --> battery-erp-backend/internal/api/v1.(*OutboundController).Delete-fm (5 handlers)
[GIN-debug] GET    /jxc/v1/inventory         --> battery-erp-backend/internal/api/v1.(*InventoryController).GetAll-fm (5 handlers)
[GIN-debug] GET    /jxc/v1/inventory/:categoryId --> battery-erp-backend/internal/api/v1.(*InventoryController).GetByCategoryID-fm (5 handlers)
[GIN-debug] GET    /jxc/v1/reports/summary   --> battery-erp-backend/internal/api/v1.(*ReportController).GetSummary-fm (5 handlers)
2025/06/30 15:30:36 Server starting on port 8036
2025/06/30 15:30:36 Swagger documentation available at: http://localhost:8036/swagger/index.html
[GIN-debug] [WARNING] You trusted all proxies, this is NOT safe. We recommend you to set a value.
Please check https://pkg.go.dev/github.com/gin-gonic/gin#readme-don-t-trust-all-proxies for details.
[GIN-debug] Listening and serving HTTP on :8036
[GIN] 2025/06/30 - 15:30:37 | 200 |    1.264167ms |       127.0.0.1 | GET      "/swagger/index.html"
[GIN] 2025/06/30 - 15:30:37 | 200 |     402.292µs |       127.0.0.1 | GET      "/swagger/swagger-ui.css"
[GIN] 2025/06/30 - 15:30:37 | 200 |    3.023916ms |       127.0.0.1 | GET      "/swagger/swagger-ui-standalone-preset.js"
[GIN] 2025/06/30 - 15:30:37 | 200 |    3.892917ms |       127.0.0.1 | GET      "/swagger/swagger-ui-bundle.js"
[GIN] 2025/06/30 - 15:30:37 | 200 |     525.709µs |       127.0.0.1 | GET      "/swagger/doc.json"
[GIN] 2025/06/30 - 15:30:38 | 200 |     100.625µs |       127.0.0.1 | GET      "/swagger/favicon-32x32.png"
./run-backend.sh: line 20: 25354 Killed: 9               ./battery_recycle
./run-backend.sh: line 13: cd: backend: No such file or directory
Building Go backend...
Starting backend server on port 8036...
[GIN-debug] [WARNING] Creating an Engine instance with the Logger and Recovery middleware already attached.

[GIN-debug] [WARNING] Running in "debug" mode. Switch to "release" mode in production.
 - using env:	export GIN_MODE=release
 - using code:	gin.SetMode(gin.ReleaseMode)

[GIN-debug] GET    /swagger/*any             --> github.com/swaggo/gin-swagger.CustomWrapHandler.func1 (4 handlers)
[GIN-debug] POST   /jxc/v1/auth/login        --> battery-erp-backend/internal/api/v1.(*AuthController).Login-fm (4 handlers)
[GIN-debug] GET    /jxc/v1/users             --> battery-erp-backend/internal/api/v1.(*UserController).GetAll-fm (6 handlers)
[GIN-debug] POST   /jxc/v1/users             --> battery-erp-backend/internal/api/v1.(*UserController).Create-fm (6 handlers)
[GIN-debug] GET    /jxc/v1/users/:id         --> battery-erp-backend/internal/api/v1.(*UserController).GetByID-fm (6 handlers)
[GIN-debug] PUT    /jxc/v1/users/:id         --> battery-erp-backend/internal/api/v1.(*UserController).Update-fm (6 handlers)
[GIN-debug] DELETE /jxc/v1/users/:id         --> battery-erp-backend/internal/api/v1.(*UserController).Delete-fm (6 handlers)
[GIN-debug] GET    /jxc/v1/categories        --> battery-erp-backend/internal/api/v1.(*CategoryController).GetAll-fm (5 handlers)
[GIN-debug] POST   /jxc/v1/categories        --> battery-erp-backend/internal/api/v1.(*CategoryController).Create-fm (6 handlers)
[GIN-debug] GET    /jxc/v1/categories/:id    --> battery-erp-backend/internal/api/v1.(*CategoryController).GetByID-fm (5 handlers)
[GIN-debug] PUT    /jxc/v1/categories/:id    --> battery-erp-backend/internal/api/v1.(*CategoryController).Update-fm (6 handlers)
[GIN-debug] DELETE /jxc/v1/categories/:id    --> battery-erp-backend/internal/api/v1.(*CategoryController).Delete-fm (6 handlers)
[GIN-debug] POST   /jxc/v1/inbound/orders/search --> battery-erp-backend/internal/api/v1.(*InboundController).GetAll-fm (5 handlers)
[GIN-debug] POST   /jxc/v1/inbound/orders    --> battery-erp-backend/internal/api/v1.(*InboundController).Create-fm (5 handlers)
[GIN-debug] GET    /jxc/v1/inbound/orders/:id --> battery-erp-backend/internal/api/v1.(*InboundController).GetByID-fm (5 handlers)
[GIN-debug] PUT    /jxc/v1/inbound/orders/:id --> battery-erp-backend/internal/api/v1.(*InboundController).Update-fm (5 handlers)
[GIN-debug] DELETE /jxc/v1/inbound/orders/:id --> battery-erp-backend/internal/api/v1.(*InboundController).Delete-fm (5 handlers)
[GIN-debug] GET    /jxc/v1/outbound/orders   --> battery-erp-backend/internal/api/v1.(*OutboundController).GetAll-fm (5 handlers)
[GIN-debug] POST   /jxc/v1/outbound/orders   --> battery-erp-backend/internal/api/v1.(*OutboundController).Create-fm (5 handlers)
[GIN-debug] GET    /jxc/v1/outbound/orders/:id --> battery-erp-backend/internal/api/v1.(*OutboundController).GetByID-fm (5 handlers)
[GIN-debug] PUT    /jxc/v1/outbound/orders/:id --> battery-erp-backend/internal/api/v1.(*OutboundController).Update-fm (5 handlers)
[GIN-debug] DELETE /jxc/v1/outbound/orders/:id --> battery-erp-backend/internal/api/v1.(*OutboundController).Delete-fm (5 handlers)
[GIN-debug] GET    /jxc/v1/inventory         --> battery-erp-backend/internal/api/v1.(*InventoryController).GetAll-fm (5 handlers)
[GIN-debug] GET    /jxc/v1/inventory/:categoryId --> battery-erp-backend/internal/api/v1.(*InventoryController).GetByCategoryID-fm (5 handlers)
[GIN-debug] GET    /jxc/v1/reports/summary   --> battery-erp-backend/internal/api/v1.(*ReportController).GetSummary-fm (5 handlers)
2025/06/30 15:46:59 Server starting on port 8036
2025/06/30 15:46:59 Swagger documentation available at: http://localhost:8036/swagger/index.html
[GIN-debug] [WARNING] You trusted all proxies, this is NOT safe. We recommend you to set a value.
Please check https://pkg.go.dev/github.com/gin-gonic/gin#readme-don-t-trust-all-proxies for details.
[GIN-debug] Listening and serving HTTP on :8036
[GIN] 2025/06/30 - 15:47:01 | 204 |       9.166µs |             ::1 | OPTIONS  "/jxc/v1/inbound/orders"
[GIN] 2025/06/30 - 15:47:01 | 204 |      195.25µs |             ::1 | OPTIONS  "/jxc/v1/categories"
[GIN] 2025/06/30 - 15:47:01 | 204 |     175.375µs |             ::1 | OPTIONS  "/jxc/v1/categories"
[GIN] 2025/06/30 - 15:47:01 | 204 |     159.292µs |             ::1 | OPTIONS  "/jxc/v1/inbound/orders"
[GIN] 2025/06/30 - 15:47:01 | 404 |       1.583µs |             ::1 | GET      "/jxc/v1/inbound/orders"
[GIN] 2025/06/30 - 15:47:01 | 404 |       1.542µs |             ::1 | GET      "/jxc/v1/inbound/orders"
[GIN] 2025/06/30 - 15:47:01 | 200 |   38.870417ms |             ::1 | GET      "/jxc/v1/categories"
[GIN] 2025/06/30 - 15:47:01 | 200 |   34.068291ms |             ::1 | GET      "/jxc/v1/categories"
[GIN] 2025/06/30 - 15:47:03 | 404 |       3.417µs |             ::1 | GET      "/jxc/v1/inbound/orders"
[GIN] 2025/06/30 - 15:47:03 | 404 |       1.792µs |             ::1 | GET      "/jxc/v1/inbound/orders"
[GIN] 2025/06/30 - 15:47:03 | 200 |   34.324375ms |             ::1 | GET      "/jxc/v1/categories"
[GIN] 2025/06/30 - 15:47:03 | 200 |   33.110042ms |             ::1 | GET      "/jxc/v1/categories"
[GIN] 2025/06/30 - 15:47:10 | 204 |      105.75µs |             ::1 | OPTIONS  "/jxc/v1/inbound/orders"
[GIN] 2025/06/30 - 15:47:10 | 204 |      93.292µs |             ::1 | OPTIONS  "/jxc/v1/categories"
[GIN] 2025/06/30 - 15:47:10 | 204 |      29.583µs |             ::1 | OPTIONS  "/jxc/v1/inbound/orders"
[GIN] 2025/06/30 - 15:47:10 | 204 |        23.5µs |             ::1 | OPTIONS  "/jxc/v1/categories"
[GIN] 2025/06/30 - 15:47:10 | 404 |       4.791µs |             ::1 | GET      "/jxc/v1/inbound/orders"
[GIN] 2025/06/30 - 15:47:10 | 404 |      11.417µs |             ::1 | GET      "/jxc/v1/inbound/orders"
[GIN] 2025/06/30 - 15:47:10 | 200 |   35.784333ms |             ::1 | GET      "/jxc/v1/categories"
[GIN] 2025/06/30 - 15:47:10 | 200 |   32.934958ms |             ::1 | GET      "/jxc/v1/categories"
[GIN] 2025/06/30 - 15:47:12 | 204 |       6.125µs |             ::1 | OPTIONS  "/jxc/v1/inventory"
[GIN] 2025/06/30 - 15:47:12 | 204 |        10.5µs |             ::1 | OPTIONS  "/jxc/v1/inventory"
[GIN] 2025/06/30 - 15:47:12 | 200 |    38.68925ms |             ::1 | GET      "/jxc/v1/categories"
[GIN] 2025/06/30 - 15:47:12 | 200 |    62.27775ms |             ::1 | GET      "/jxc/v1/inventory"
[GIN] 2025/06/30 - 15:47:12 | 200 |   33.448416ms |             ::1 | GET      "/jxc/v1/categories"
[GIN] 2025/06/30 - 15:47:12 | 200 |   21.544916ms |             ::1 | GET      "/jxc/v1/inventory"
[GIN] 2025/06/30 - 15:47:14 | 200 |   36.774667ms |             ::1 | GET      "/jxc/v1/categories"
[GIN] 2025/06/30 - 15:47:15 | 200 |   31.054666ms |             ::1 | GET      "/jxc/v1/categories"
[GIN] 2025/06/30 - 15:47:17 | 204 |      43.708µs |             ::1 | OPTIONS  "/jxc/v1/categories"
[GIN] 2025/06/30 - 15:47:17 | 204 |      20.667µs |             ::1 | OPTIONS  "/jxc/v1/categories"
[GIN] 2025/06/30 - 15:47:17 | 200 |   32.368125ms |             ::1 | GET      "/jxc/v1/categories"
[GIN] 2025/06/30 - 15:47:17 | 200 |   33.495875ms |             ::1 | GET      "/jxc/v1/categories"
[GIN] 2025/06/30 - 15:47:18 | 204 |      16.041µs |             ::1 | OPTIONS  "/jxc/v1/inbound/orders"
[GIN] 2025/06/30 - 15:47:18 | 204 |      23.417µs |             ::1 | OPTIONS  "/jxc/v1/inbound/orders"
[GIN] 2025/06/30 - 15:47:18 | 404 |       3.083µs |             ::1 | GET      "/jxc/v1/inbound/orders"
[GIN] 2025/06/30 - 15:47:18 | 404 |        1.75µs |             ::1 | GET      "/jxc/v1/inbound/orders"
[GIN] 2025/06/30 - 15:47:18 | 200 |   39.456417ms |             ::1 | GET      "/jxc/v1/categories"
[GIN] 2025/06/30 - 15:47:18 | 200 |   33.002167ms |             ::1 | GET      "/jxc/v1/categories"
[GIN] 2025/06/30 - 15:47:19 | 404 |       3.208µs |             ::1 | GET      "/jxc/v1/inbound/orders"
[GIN] 2025/06/30 - 15:47:19 | 404 |       1.917µs |             ::1 | GET      "/jxc/v1/inbound/orders"
[GIN] 2025/06/30 - 15:47:19 | 200 |   31.129125ms |             ::1 | GET      "/jxc/v1/categories"
[GIN] 2025/06/30 - 15:47:19 | 200 |     31.4685ms |             ::1 | GET      "/jxc/v1/categories"
[GIN] 2025/06/30 - 15:47:21 | 200 |   32.557542ms |             ::1 | GET      "/jxc/v1/categories"
[GIN] 2025/06/30 - 15:47:21 | 200 |   33.840542ms |             ::1 | GET      "/jxc/v1/categories"
[GIN] 2025/06/30 - 15:47:21 | 204 |       4.292µs |             ::1 | OPTIONS  "/jxc/v1/inventory"
[GIN] 2025/06/30 - 15:47:21 | 204 |      18.666µs |             ::1 | OPTIONS  "/jxc/v1/inventory"
[GIN] 2025/06/30 - 15:47:21 | 200 |     25.4425ms |             ::1 | GET      "/jxc/v1/inventory"
[GIN] 2025/06/30 - 15:47:21 | 200 |   30.910792ms |             ::1 | GET      "/jxc/v1/categories"
[GIN] 2025/06/30 - 15:47:21 | 200 |   23.683875ms |             ::1 | GET      "/jxc/v1/inventory"
[GIN] 2025/06/30 - 15:47:21 | 200 |   33.801792ms |             ::1 | GET      "/jxc/v1/categories"
[GIN] 2025/06/30 - 15:47:22 | 204 |       7.417µs |             ::1 | OPTIONS  "/jxc/v1/categories"
[GIN] 2025/06/30 - 15:47:22 | 204 |      19.834µs |             ::1 | OPTIONS  "/jxc/v1/categories"
[GIN] 2025/06/30 - 15:47:22 | 200 |   34.726083ms |             ::1 | GET      "/jxc/v1/categories"
[GIN] 2025/06/30 - 15:47:22 | 200 |   33.074791ms |             ::1 | GET      "/jxc/v1/categories"
[GIN] 2025/06/30 - 15:47:29 | 204 |      42.875µs |             ::1 | OPTIONS  "/jxc/v1/categories"
[GIN] 2025/06/30 - 15:47:29 | 200 |   95.795916ms |             ::1 | POST     "/jxc/v1/categories"
[GIN] 2025/06/30 - 15:47:29 | 200 |   35.544458ms |             ::1 | GET      "/jxc/v1/categories"
[GIN] 2025/06/30 - 15:47:35 | 204 |       105.5µs |             ::1 | OPTIONS  "/jxc/v1/categories"
[GIN] 2025/06/30 - 15:47:35 | 204 |       31.25µs |             ::1 | OPTIONS  "/jxc/v1/inbound/orders"
[GIN] 2025/06/30 - 15:47:35 | 204 |        10.5µs |             ::1 | OPTIONS  "/jxc/v1/inbound/orders"
[GIN] 2025/06/30 - 15:47:35 | 204 |      22.875µs |             ::1 | OPTIONS  "/jxc/v1/categories"
[GIN] 2025/06/30 - 15:47:35 | 404 |         1.5µs |             ::1 | GET      "/jxc/v1/inbound/orders"
[GIN] 2025/06/30 - 15:47:35 | 404 |      10.125µs |             ::1 | GET      "/jxc/v1/inbound/orders"
[GIN] 2025/06/30 - 15:47:35 | 200 |   33.144875ms |             ::1 | GET      "/jxc/v1/categories"
[GIN] 2025/06/30 - 15:47:35 | 200 |      40.005ms |             ::1 | GET      "/jxc/v1/categories"
[GIN] 2025/06/30 - 15:50:31 | 204 |     683.125µs |             ::1 | OPTIONS  "/jxc/v1/categories"
[GIN] 2025/06/30 - 15:50:31 | 204 |     624.875µs |             ::1 | OPTIONS  "/jxc/v1/categories"
[GIN] 2025/06/30 - 15:50:31 | 204 |     850.834µs |             ::1 | OPTIONS  "/jxc/v1/inbound/orders/search"
[GIN] 2025/06/30 - 15:50:31 | 204 |      662.25µs |             ::1 | OPTIONS  "/jxc/v1/inbound/orders/search"
[GIN] 2025/06/30 - 15:50:32 | 200 |   44.962417ms |             ::1 | GET      "/jxc/v1/categories"
[GIN] 2025/06/30 - 15:50:32 | 200 |     57.6085ms |             ::1 | POST     "/jxc/v1/inbound/orders/search"
[GIN] 2025/06/30 - 15:50:32 | 200 |   36.986833ms |             ::1 | GET      "/jxc/v1/categories"
[GIN] 2025/06/30 - 15:50:32 | 200 |   86.404375ms |             ::1 | POST     "/jxc/v1/inbound/orders/search"
[GIN] 2025/06/30 - 15:50:59 | 204 |      76.917µs |             ::1 | OPTIONS  "/jxc/v1/categories"
[GIN] 2025/06/30 - 15:50:59 | 204 |      57.542µs |             ::1 | OPTIONS  "/jxc/v1/categories"
[GIN] 2025/06/30 - 15:50:59 | 200 |   34.113291ms |             ::1 | GET      "/jxc/v1/categories"
[GIN] 2025/06/30 - 15:50:59 | 200 |   41.795416ms |             ::1 | GET      "/jxc/v1/categories"
[GIN] 2025/06/30 - 15:50:59 | 204 |       7.834µs |             ::1 | OPTIONS  "/jxc/v1/inbound/orders/search"
[GIN] 2025/06/30 - 15:50:59 | 204 |       5.125µs |             ::1 | OPTIONS  "/jxc/v1/inbound/orders/search"
[GIN] 2025/06/30 - 15:50:59 | 200 |   37.469708ms |             ::1 | GET      "/jxc/v1/categories"
[GIN] 2025/06/30 - 15:50:59 | 200 |   43.420584ms |             ::1 | POST     "/jxc/v1/inbound/orders/search"
[GIN] 2025/06/30 - 15:50:59 | 200 |    33.52975ms |             ::1 | GET      "/jxc/v1/categories"
[GIN] 2025/06/30 - 15:50:59 | 200 |      71.531ms |             ::1 | POST     "/jxc/v1/inbound/orders/search"
[GIN] 2025/06/30 - 15:51:57 | 204 |       64.75µs |             ::1 | OPTIONS  "/jxc/v1/inbound/orders/search"
[GIN] 2025/06/30 - 15:51:57 | 204 |      69.334µs |             ::1 | OPTIONS  "/jxc/v1/categories"
[GIN] 2025/06/30 - 15:51:57 | 204 |      16.292µs |             ::1 | OPTIONS  "/jxc/v1/categories"
[GIN] 2025/06/30 - 15:51:57 | 204 |      17.291µs |             ::1 | OPTIONS  "/jxc/v1/inbound/orders/search"
[GIN] 2025/06/30 - 15:51:57 | 200 |    31.16625ms |             ::1 | GET      "/jxc/v1/categories"
[GIN] 2025/06/30 - 15:51:57 | 200 |   40.779125ms |             ::1 | POST     "/jxc/v1/inbound/orders/search"
[GIN] 2025/06/30 - 15:51:57 | 200 |   32.070792ms |             ::1 | GET      "/jxc/v1/categories"
[GIN] 2025/06/30 - 15:51:57 | 200 |   72.424417ms |             ::1 | POST     "/jxc/v1/inbound/orders/search"
[GIN] 2025/06/30 - 15:52:01 | 200 |   45.385041ms |             ::1 | POST     "/jxc/v1/inbound/orders/search"
[GIN] 2025/06/30 - 15:52:01 | 200 |    45.70725ms |             ::1 | POST     "/jxc/v1/inbound/orders/search"
[GIN] 2025/06/30 - 15:52:01 | 200 |   61.031041ms |             ::1 | GET      "/jxc/v1/categories"
[GIN] 2025/06/30 - 15:52:01 | 200 |   33.929625ms |             ::1 | GET      "/jxc/v1/categories"
[GIN] 2025/06/30 - 15:52:18 | 204 |      38.292µs |             ::1 | OPTIONS  "/jxc/v1/inbound/orders/search"
[GIN] 2025/06/30 - 15:52:18 | 204 |      41.291µs |             ::1 | OPTIONS  "/jxc/v1/inbound/orders/search"
[GIN] 2025/06/30 - 15:52:18 | 204 |       9.667µs |             ::1 | OPTIONS  "/jxc/v1/categories"
[GIN] 2025/06/30 - 15:52:18 | 204 |       21.75µs |             ::1 | OPTIONS  "/jxc/v1/categories"
[GIN] 2025/06/30 - 15:52:18 | 200 |   36.305834ms |             ::1 | GET      "/jxc/v1/categories"
[GIN] 2025/06/30 - 15:52:18 | 200 |   45.894042ms |             ::1 | POST     "/jxc/v1/inbound/orders/search"
[GIN] 2025/06/30 - 15:52:18 | 200 |   64.321458ms |             ::1 | POST     "/jxc/v1/inbound/orders/search"
[GIN] 2025/06/30 - 15:52:18 | 200 |    30.51725ms |             ::1 | GET      "/jxc/v1/categories"
[GIN] 2025/06/30 - 15:52:28 | 204 |      13.791µs |             ::1 | OPTIONS  "/jxc/v1/categories"
[GIN] 2025/06/30 - 15:52:28 | 204 |       7.834µs |             ::1 | OPTIONS  "/jxc/v1/categories"
[GIN] 2025/06/30 - 15:52:28 | 204 |      32.042µs |             ::1 | OPTIONS  "/jxc/v1/inbound/orders/search"
[GIN] 2025/06/30 - 15:52:28 | 204 |       8.167µs |             ::1 | OPTIONS  "/jxc/v1/inbound/orders/search"
[GIN] 2025/06/30 - 15:52:28 | 200 |   40.035292ms |             ::1 | GET      "/jxc/v1/categories"
[GIN] 2025/06/30 - 15:52:28 | 200 |   62.619708ms |             ::1 | POST     "/jxc/v1/inbound/orders/search"
[GIN] 2025/06/30 - 15:52:28 | 200 |   30.421834ms |             ::1 | GET      "/jxc/v1/categories"
[GIN] 2025/06/30 - 15:52:28 | 200 |   88.594291ms |             ::1 | POST     "/jxc/v1/inbound/orders/search"
[GIN] 2025/06/30 - 15:52:34 | 204 |          39µs |             ::1 | OPTIONS  "/jxc/v1/categories"
[GIN] 2025/06/30 - 15:52:34 | 204 |      10.833µs |             ::1 | OPTIONS  "/jxc/v1/categories"
[GIN] 2025/06/30 - 15:52:34 | 204 |       7.834µs |             ::1 | OPTIONS  "/jxc/v1/inventory"
[GIN] 2025/06/30 - 15:52:34 | 204 |      10.167µs |             ::1 | OPTIONS  "/jxc/v1/inventory"
[GIN] 2025/06/30 - 15:52:34 | 200 |     26.7455ms |             ::1 | GET      "/jxc/v1/inventory"
[GIN] 2025/06/30 - 15:52:34 | 200 |   31.303417ms |             ::1 | GET      "/jxc/v1/categories"
[GIN] 2025/06/30 - 15:52:34 | 200 |   29.043583ms |             ::1 | GET      "/jxc/v1/inventory"
[GIN] 2025/06/30 - 15:52:34 | 200 |   32.992625ms |             ::1 | GET      "/jxc/v1/categories"
[GIN] 2025/06/30 - 15:52:53 | 204 |      62.083µs |             ::1 | OPTIONS  "/jxc/v1/categories"
[GIN] 2025/06/30 - 15:52:53 | 204 |      72.583µs |             ::1 | OPTIONS  "/jxc/v1/inbound/orders/search"
[GIN] 2025/06/30 - 15:52:53 | 204 |      36.208µs |             ::1 | OPTIONS  "/jxc/v1/inbound/orders/search"
[GIN] 2025/06/30 - 15:52:53 | 204 |      26.209µs |             ::1 | OPTIONS  "/jxc/v1/categories"
[GIN] 2025/06/30 - 15:52:53 | 200 |   39.185042ms |             ::1 | GET      "/jxc/v1/categories"
[GIN] 2025/06/30 - 15:52:53 | 200 |   55.485167ms |             ::1 | POST     "/jxc/v1/inbound/orders/search"
[GIN] 2025/06/30 - 15:52:53 | 200 |   30.701417ms |             ::1 | GET      "/jxc/v1/categories"
[GIN] 2025/06/30 - 15:52:53 | 200 |   77.810459ms |             ::1 | POST     "/jxc/v1/inbound/orders/search"
[GIN] 2025/06/30 - 15:52:54 | 200 |   30.340125ms |             ::1 | GET      "/jxc/v1/categories"
[GIN] 2025/06/30 - 15:52:54 | 200 |   29.515834ms |             ::1 | GET      "/jxc/v1/categories"
[GIN] 2025/06/30 - 15:52:55 | 200 |   34.852333ms |             ::1 | GET      "/jxc/v1/categories"
[GIN] 2025/06/30 - 15:52:55 | 200 |   36.254084ms |             ::1 | POST     "/jxc/v1/inbound/orders/search"
[GIN] 2025/06/30 - 15:52:56 | 200 |   27.372917ms |             ::1 | GET      "/jxc/v1/categories"
[GIN] 2025/06/30 - 15:52:56 | 200 |   66.523208ms |             ::1 | POST     "/jxc/v1/inbound/orders/search"
[GIN] 2025/06/30 - 15:53:02 | 204 |      58.833µs |             ::1 | OPTIONS  "/jxc/v1/inbound/orders/search"
[GIN] 2025/06/30 - 15:53:02 | 204 |       9.917µs |             ::1 | OPTIONS  "/jxc/v1/categories"
[GIN] 2025/06/30 - 15:53:02 | 204 |          18µs |             ::1 | OPTIONS  "/jxc/v1/categories"
[GIN] 2025/06/30 - 15:53:02 | 204 |      72.334µs |             ::1 | OPTIONS  "/jxc/v1/inbound/orders/search"
[GIN] 2025/06/30 - 15:53:02 | 200 |      33.874ms |             ::1 | POST     "/jxc/v1/inbound/orders/search"
[GIN] 2025/06/30 - 15:53:02 | 200 |   38.322209ms |             ::1 | POST     "/jxc/v1/inbound/orders/search"
[GIN] 2025/06/30 - 15:53:03 | 200 |   60.910291ms |             ::1 | GET      "/jxc/v1/categories"
[GIN] 2025/06/30 - 15:53:03 | 200 |   30.206625ms |             ::1 | GET      "/jxc/v1/categories"
[GIN] 2025/06/30 - 15:53:06 | 200 |   35.586041ms |             ::1 | POST     "/jxc/v1/inbound/orders/search"
[GIN] 2025/06/30 - 15:53:06 | 200 |    44.40225ms |             ::1 | POST     "/jxc/v1/inbound/orders/search"
[GIN] 2025/06/30 - 15:53:06 | 200 |   64.468208ms |             ::1 | GET      "/jxc/v1/categories"
[GIN] 2025/06/30 - 15:53:07 | 200 |   35.243041ms |             ::1 | GET      "/jxc/v1/categories"
[GIN] 2025/06/30 - 15:53:08 | 204 |      18.375µs |             ::1 | OPTIONS  "/jxc/v1/inbound/orders/search"
[GIN] 2025/06/30 - 15:53:08 | 204 |      20.875µs |             ::1 | OPTIONS  "/jxc/v1/inbound/orders/search"
[GIN] 2025/06/30 - 15:53:08 | 204 |       2.208µs |             ::1 | OPTIONS  "/jxc/v1/categories"
[GIN] 2025/06/30 - 15:53:08 | 204 |      28.083µs |             ::1 | OPTIONS  "/jxc/v1/categories"
[GIN] 2025/06/30 - 15:53:08 | 200 |   40.997375ms |             ::1 | POST     "/jxc/v1/inbound/orders/search"
[GIN] 2025/06/30 - 15:53:08 | 200 |   47.075292ms |             ::1 | POST     "/jxc/v1/inbound/orders/search"
[GIN] 2025/06/30 - 15:53:08 | 200 |   71.433791ms |             ::1 | GET      "/jxc/v1/categories"
[GIN] 2025/06/30 - 15:53:08 | 200 |   33.827916ms |             ::1 | GET      "/jxc/v1/categories"
[GIN] 2025/06/30 - 15:53:29 | 204 |      55.375µs |             ::1 | OPTIONS  "/jxc/v1/inbound/orders"
[GIN] 2025/06/30 - 15:53:29 | 200 |  163.029042ms |             ::1 | POST     "/jxc/v1/inbound/orders"
[GIN] 2025/06/30 - 15:53:29 | 204 |       4.958µs |             ::1 | OPTIONS  "/jxc/v1/inbound/orders/search"
[GIN] 2025/06/30 - 15:53:29 | 204 |      27.417µs |             ::1 | OPTIONS  "/jxc/v1/categories"
[GIN] 2025/06/30 - 15:53:29 | 200 |    31.03275ms |             ::1 | GET      "/jxc/v1/categories"
[GIN] 2025/06/30 - 15:53:29 | 200 |   46.043625ms |             ::1 | POST     "/jxc/v1/inbound/orders/search"
[GIN] 2025/06/30 - 15:53:35 | 204 |      51.042µs |             ::1 | OPTIONS  "/jxc/v1/inbound/orders/1"
[GIN] 2025/06/30 - 15:53:35 | 200 |   51.888334ms |             ::1 | GET      "/jxc/v1/inbound/orders/1"
[GIN] 2025/06/30 - 15:55:20 | 204 |      40.167µs |             ::1 | OPTIONS  "/jxc/v1/inbound/orders/search"
[GIN] 2025/06/30 - 15:55:20 | 204 |      64.375µs |             ::1 | OPTIONS  "/jxc/v1/categories"
[GIN] 2025/06/30 - 15:55:20 | 204 |      37.208µs |             ::1 | OPTIONS  "/jxc/v1/categories"
[GIN] 2025/06/30 - 15:55:20 | 204 |      56.125µs |             ::1 | OPTIONS  "/jxc/v1/inbound/orders/search"
[GIN] 2025/06/30 - 15:55:20 | 200 |   39.399709ms |             ::1 | POST     "/jxc/v1/inbound/orders/search"
[GIN] 2025/06/30 - 15:55:20 | 200 |   45.714416ms |             ::1 | POST     "/jxc/v1/inbound/orders/search"
[GIN] 2025/06/30 - 15:55:20 | 200 |   67.086958ms |             ::1 | GET      "/jxc/v1/categories"
[GIN] 2025/06/30 - 15:55:20 | 200 |   33.870042ms |             ::1 | GET      "/jxc/v1/categories"
[GIN] 2025/06/30 - 15:55:31 | 204 |       9.833µs |             ::1 | OPTIONS  "/jxc/v1/inbound/orders/search"
[GIN] 2025/06/30 - 15:55:31 | 204 |      15.291µs |             ::1 | OPTIONS  "/jxc/v1/categories"
[GIN] 2025/06/30 - 15:55:31 | 204 |      50.083µs |             ::1 | OPTIONS  "/jxc/v1/inbound/orders/search"
[GIN] 2025/06/30 - 15:55:31 | 204 |      27.875µs |             ::1 | OPTIONS  "/jxc/v1/categories"
[GIN] 2025/06/30 - 15:55:31 | 200 |   38.571875ms |             ::1 | POST     "/jxc/v1/inbound/orders/search"
[GIN] 2025/06/30 - 15:55:31 | 200 |   41.209375ms |             ::1 | POST     "/jxc/v1/inbound/orders/search"
[GIN] 2025/06/30 - 15:55:31 | 200 |   65.581375ms |             ::1 | GET      "/jxc/v1/categories"
[GIN] 2025/06/30 - 15:55:31 | 200 |   33.668458ms |             ::1 | GET      "/jxc/v1/categories"
[GIN] 2025/06/30 - 15:55:51 | 204 |          42µs |             ::1 | OPTIONS  "/jxc/v1/inbound/orders/search"
[GIN] 2025/06/30 - 15:55:51 | 204 |      21.542µs |             ::1 | OPTIONS  "/jxc/v1/categories"
[GIN] 2025/06/30 - 15:55:51 | 204 |      22.125µs |             ::1 | OPTIONS  "/jxc/v1/inbound/orders/search"
[GIN] 2025/06/30 - 15:55:51 | 204 |      21.959µs |             ::1 | OPTIONS  "/jxc/v1/categories"
[GIN] 2025/06/30 - 15:55:51 | 200 |   30.650875ms |             ::1 | GET      "/jxc/v1/categories"
[GIN] 2025/06/30 - 15:55:51 | 200 |   45.652708ms |             ::1 | POST     "/jxc/v1/inbound/orders/search"
[GIN] 2025/06/30 - 15:55:51 | 200 |   29.676042ms |             ::1 | GET      "/jxc/v1/categories"
[GIN] 2025/06/30 - 15:55:51 | 200 |   76.219709ms |             ::1 | POST     "/jxc/v1/inbound/orders/search"
[GIN] 2025/06/30 - 15:56:05 | 204 |      21.208µs |             ::1 | OPTIONS  "/jxc/v1/inbound/orders/search"
[GIN] 2025/06/30 - 15:56:05 | 204 |      12.291µs |             ::1 | OPTIONS  "/jxc/v1/categories"
[GIN] 2025/06/30 - 15:56:05 | 204 |      18.875µs |             ::1 | OPTIONS  "/jxc/v1/inbound/orders/search"
[GIN] 2025/06/30 - 15:56:05 | 204 |      10.584µs |             ::1 | OPTIONS  "/jxc/v1/categories"
[GIN] 2025/06/30 - 15:56:05 | 200 |   41.166875ms |             ::1 | POST     "/jxc/v1/inbound/orders/search"
[GIN] 2025/06/30 - 15:56:05 | 200 |   44.635042ms |             ::1 | POST     "/jxc/v1/inbound/orders/search"
[GIN] 2025/06/30 - 15:56:05 | 200 |   64.260541ms |             ::1 | GET      "/jxc/v1/categories"
[GIN] 2025/06/30 - 15:56:05 | 200 |   31.082583ms |             ::1 | GET      "/jxc/v1/categories"
[GIN] 2025/06/30 - 15:56:28 | 204 |      76.708µs |             ::1 | OPTIONS  "/jxc/v1/categories"
[GIN] 2025/06/30 - 15:56:28 | 204 |       54.75µs |             ::1 | OPTIONS  "/jxc/v1/categories"
[GIN] 2025/06/30 - 15:56:28 | 204 |       88.75µs |             ::1 | OPTIONS  "/jxc/v1/inbound/orders/search"
[GIN] 2025/06/30 - 15:56:28 | 204 |      43.292µs |             ::1 | OPTIONS  "/jxc/v1/inbound/orders/search"
[GIN] 2025/06/30 - 15:56:28 | 200 |   34.359083ms |             ::1 | POST     "/jxc/v1/inbound/orders/search"
[GIN] 2025/06/30 - 15:56:28 | 200 |   38.971084ms |             ::1 | POST     "/jxc/v1/inbound/orders/search"
[GIN] 2025/06/30 - 15:56:28 | 200 |   63.831292ms |             ::1 | GET      "/jxc/v1/categories"
[GIN] 2025/06/30 - 15:56:28 | 200 |   37.249166ms |             ::1 | GET      "/jxc/v1/categories"
[GIN] 2025/06/30 - 15:56:34 | 204 |      37.334µs |             ::1 | OPTIONS  "/jxc/v1/inbound/orders/search"
[GIN] 2025/06/30 - 15:56:34 | 204 |      25.083µs |             ::1 | OPTIONS  "/jxc/v1/categories"
[GIN] 2025/06/30 - 15:56:34 | 204 |      40.708µs |             ::1 | OPTIONS  "/jxc/v1/inbound/orders/search"
[GIN] 2025/06/30 - 15:56:34 | 204 |      47.333µs |             ::1 | OPTIONS  "/jxc/v1/categories"
[GIN] 2025/06/30 - 15:56:34 | 200 |   36.450875ms |             ::1 | POST     "/jxc/v1/inbound/orders/search"
[GIN] 2025/06/30 - 15:56:34 | 200 |   42.889708ms |             ::1 | POST     "/jxc/v1/inbound/orders/search"
[GIN] 2025/06/30 - 15:56:35 | 200 |   71.641792ms |             ::1 | GET      "/jxc/v1/categories"
[GIN] 2025/06/30 - 15:56:35 | 200 |     34.2705ms |             ::1 | GET      "/jxc/v1/categories"
[GIN] 2025/06/30 - 15:57:36 | 204 |     562.333µs |             ::1 | OPTIONS  "/jxc/v1/inventory"
[GIN] 2025/06/30 - 15:57:36 | 204 |      58.208µs |             ::1 | OPTIONS  "/jxc/v1/categories"
[GIN] 2025/06/30 - 15:57:36 | 204 |      59.292µs |             ::1 | OPTIONS  "/jxc/v1/categories"
[GIN] 2025/06/30 - 15:57:36 | 204 |     689.833µs |             ::1 | OPTIONS  "/jxc/v1/inventory"
[GIN] 2025/06/30 - 15:57:36 | 200 |   22.179792ms |             ::1 | GET      "/jxc/v1/inventory"
[GIN] 2025/06/30 - 15:57:36 | 200 |   35.748875ms |             ::1 | GET      "/jxc/v1/categories"
[GIN] 2025/06/30 - 15:57:36 | 200 |   23.043375ms |             ::1 | GET      "/jxc/v1/inventory"
[GIN] 2025/06/30 - 15:57:36 | 200 |     33.9435ms |             ::1 | GET      "/jxc/v1/categories"
[GIN] 2025/06/30 - 15:57:38 | 200 |   23.836209ms |             ::1 | GET      "/jxc/v1/inventory"
[GIN] 2025/06/30 - 15:57:38 | 200 |   34.428083ms |             ::1 | GET      "/jxc/v1/categories"
[GIN] 2025/06/30 - 15:57:38 | 200 |   22.287709ms |             ::1 | GET      "/jxc/v1/inventory"
[GIN] 2025/06/30 - 15:57:38 | 200 |   34.562125ms |             ::1 | GET      "/jxc/v1/categories"
[GIN] 2025/06/30 - 15:57:39 | 200 |     25.3845ms |             ::1 | GET      "/jxc/v1/inventory"
[GIN] 2025/06/30 - 15:57:39 | 200 |   27.744292ms |             ::1 | GET      "/jxc/v1/categories"
[GIN] 2025/06/30 - 15:57:39 | 200 |      23.031ms |             ::1 | GET      "/jxc/v1/inventory"
[GIN] 2025/06/30 - 15:57:39 | 200 |   31.932375ms |             ::1 | GET      "/jxc/v1/categories"
[GIN] 2025/06/30 - 15:57:39 | 204 |      11.334µs |             ::1 | OPTIONS  "/jxc/v1/users"
[GIN] 2025/06/30 - 15:57:39 | 204 |       5.042µs |             ::1 | OPTIONS  "/jxc/v1/users"
[GIN] 2025/06/30 - 15:57:39 | 200 |     34.3415ms |             ::1 | GET      "/jxc/v1/users"
[GIN] 2025/06/30 - 15:57:39 | 200 |    34.59725ms |             ::1 | GET      "/jxc/v1/users"
[GIN] 2025/06/30 - 15:57:40 | 200 |    35.40325ms |             ::1 | GET      "/jxc/v1/categories"
[GIN] 2025/06/30 - 15:57:40 | 200 |   35.031458ms |             ::1 | GET      "/jxc/v1/categories"
[GIN] 2025/06/30 - 15:58:50 | 204 |       31.25µs |             ::1 | OPTIONS  "/jxc/v1/categories"
[GIN] 2025/06/30 - 15:58:50 | 204 |       36.75µs |             ::1 | OPTIONS  "/jxc/v1/categories"
[GIN] 2025/06/30 - 15:58:50 | 200 |   34.721958ms |             ::1 | GET      "/jxc/v1/categories"
[GIN] 2025/06/30 - 15:58:50 | 200 |   33.255458ms |             ::1 | GET      "/jxc/v1/categories"
[GIN] 2025/06/30 - 15:58:58 | 204 |      50.166µs |             ::1 | OPTIONS  "/jxc/v1/categories"
[GIN] 2025/06/30 - 15:58:58 | 204 |      29.958µs |             ::1 | OPTIONS  "/jxc/v1/categories"
[GIN] 2025/06/30 - 15:58:58 | 200 |   33.836292ms |             ::1 | GET      "/jxc/v1/categories"
[GIN] 2025/06/30 - 15:58:58 | 200 |   31.948208ms |             ::1 | GET      "/jxc/v1/categories"
[GIN] 2025/06/30 - 15:59:08 | 204 |      14.042µs |             ::1 | OPTIONS  "/jxc/v1/categories"
[GIN] 2025/06/30 - 15:59:08 | 204 |      15.667µs |             ::1 | OPTIONS  "/jxc/v1/categories"
[GIN] 2025/06/30 - 15:59:08 | 200 |   32.578792ms |             ::1 | GET      "/jxc/v1/categories"
[GIN] 2025/06/30 - 15:59:08 | 200 |   32.778167ms |             ::1 | GET      "/jxc/v1/categories"
[GIN] 2025/06/30 - 15:59:15 | 204 |      24.875µs |             ::1 | OPTIONS  "/jxc/v1/categories"
[GIN] 2025/06/30 - 15:59:15 | 204 |      65.958µs |             ::1 | OPTIONS  "/jxc/v1/categories"
[GIN] 2025/06/30 - 15:59:15 | 200 |   35.071333ms |             ::1 | GET      "/jxc/v1/categories"
[GIN] 2025/06/30 - 15:59:16 | 200 |     37.1895ms |             ::1 | GET      "/jxc/v1/categories"
[GIN] 2025/06/30 - 15:59:24 | 204 |      23.416µs |             ::1 | OPTIONS  "/jxc/v1/categories"
[GIN] 2025/06/30 - 15:59:24 | 204 |      25.709µs |             ::1 | OPTIONS  "/jxc/v1/categories"
[GIN] 2025/06/30 - 15:59:24 | 200 |   33.650875ms |             ::1 | GET      "/jxc/v1/categories"
[GIN] 2025/06/30 - 15:59:24 | 200 |   37.887917ms |             ::1 | GET      "/jxc/v1/categories"
[GIN] 2025/06/30 - 15:59:34 | 204 |      22.875µs |             ::1 | OPTIONS  "/jxc/v1/categories"
[GIN] 2025/06/30 - 15:59:34 | 204 |      48.166µs |             ::1 | OPTIONS  "/jxc/v1/categories"
[GIN] 2025/06/30 - 15:59:34 | 200 |   39.511709ms |             ::1 | GET      "/jxc/v1/categories"
[GIN] 2025/06/30 - 15:59:34 | 200 |    34.49175ms |             ::1 | GET      "/jxc/v1/categories"
[GIN] 2025/06/30 - 16:00:00 | 204 |      59.375µs |             ::1 | OPTIONS  "/jxc/v1/categories"
[GIN] 2025/06/30 - 16:00:00 | 204 |      33.917µs |             ::1 | OPTIONS  "/jxc/v1/categories"
[GIN] 2025/06/30 - 16:00:00 | 200 |   37.807291ms |             ::1 | GET      "/jxc/v1/categories"
[GIN] 2025/06/30 - 16:00:00 | 200 |   36.854041ms |             ::1 | GET      "/jxc/v1/categories"
[GIN] 2025/06/30 - 16:00:10 | 204 |      26.583µs |             ::1 | OPTIONS  "/jxc/v1/categories"
[GIN] 2025/06/30 - 16:00:10 | 204 |          21µs |             ::1 | OPTIONS  "/jxc/v1/categories"
[GIN] 2025/06/30 - 16:00:10 | 200 |     32.2925ms |             ::1 | GET      "/jxc/v1/categories"
[GIN] 2025/06/30 - 16:00:10 | 200 |   31.904792ms |             ::1 | GET      "/jxc/v1/categories"
[GIN] 2025/06/30 - 16:00:18 | 204 |      45.125µs |             ::1 | OPTIONS  "/jxc/v1/categories"
[GIN] 2025/06/30 - 16:00:18 | 204 |      42.084µs |             ::1 | OPTIONS  "/jxc/v1/categories"
[GIN] 2025/06/30 - 16:00:18 | 200 |   34.009667ms |             ::1 | GET      "/jxc/v1/categories"
[GIN] 2025/06/30 - 16:00:18 | 200 |    33.37425ms |             ::1 | GET      "/jxc/v1/categories"
[GIN] 2025/06/30 - 16:00:25 | 204 |         120µs |             ::1 | OPTIONS  "/jxc/v1/categories"
[GIN] 2025/06/30 - 16:00:25 | 204 |      119.75µs |             ::1 | OPTIONS  "/jxc/v1/categories"
[GIN] 2025/06/30 - 16:00:25 | 200 |    37.94975ms |             ::1 | GET      "/jxc/v1/categories"
[GIN] 2025/06/30 - 16:00:25 | 200 |   32.494125ms |             ::1 | GET      "/jxc/v1/categories"
[GIN] 2025/06/30 - 16:00:32 | 204 |      29.166µs |             ::1 | OPTIONS  "/jxc/v1/inbound/orders/search"
[GIN] 2025/06/30 - 16:00:32 | 204 |      21.708µs |             ::1 | OPTIONS  "/jxc/v1/categories"
[GIN] 2025/06/30 - 16:00:32 | 204 |      15.916µs |             ::1 | OPTIONS  "/jxc/v1/inbound/orders/search"
[GIN] 2025/06/30 - 16:00:32 | 204 |      13.167µs |             ::1 | OPTIONS  "/jxc/v1/categories"
[GIN] 2025/06/30 - 16:00:32 | 200 |   29.045792ms |             ::1 | GET      "/jxc/v1/categories"
[GIN] 2025/06/30 - 16:00:32 | 200 |   41.597834ms |             ::1 | POST     "/jxc/v1/inbound/orders/search"
[GIN] 2025/06/30 - 16:00:32 | 200 |   29.024042ms |             ::1 | GET      "/jxc/v1/categories"
[GIN] 2025/06/30 - 16:00:32 | 200 |   74.202833ms |             ::1 | POST     "/jxc/v1/inbound/orders/search"
[GIN] 2025/06/30 - 16:00:33 | 200 |   41.750208ms |             ::1 | POST     "/jxc/v1/inbound/orders/search"
[GIN] 2025/06/30 - 16:00:33 | 200 |   42.483917ms |             ::1 | POST     "/jxc/v1/inbound/orders/search"
[GIN] 2025/06/30 - 16:00:33 | 200 |   63.117833ms |             ::1 | GET      "/jxc/v1/categories"
[GIN] 2025/06/30 - 16:00:33 | 200 |   35.453083ms |             ::1 | GET      "/jxc/v1/categories"
[GIN] 2025/06/30 - 16:00:41 | 204 |      15.458µs |             ::1 | OPTIONS  "/jxc/v1/inbound/orders/search"
[GIN] 2025/06/30 - 16:00:41 | 204 |      39.833µs |             ::1 | OPTIONS  "/jxc/v1/categories"
[GIN] 2025/06/30 - 16:00:41 | 204 |      13.667µs |             ::1 | OPTIONS  "/jxc/v1/categories"
[GIN] 2025/06/30 - 16:00:41 | 204 |       7.667µs |             ::1 | OPTIONS  "/jxc/v1/inbound/orders/search"
[GIN] 2025/06/30 - 16:00:41 | 200 |   36.998833ms |             ::1 | POST     "/jxc/v1/inbound/orders/search"
[GIN] 2025/06/30 - 16:00:41 | 200 |   45.037375ms |             ::1 | POST     "/jxc/v1/inbound/orders/search"
[GIN] 2025/06/30 - 16:00:41 | 200 |   57.528125ms |             ::1 | GET      "/jxc/v1/categories"
[GIN] 2025/06/30 - 16:00:41 | 200 |   31.269292ms |             ::1 | GET      "/jxc/v1/categories"
[GIN] 2025/06/30 - 16:01:14 | 204 |      66.792µs |             ::1 | OPTIONS  "/jxc/v1/inbound/orders/search"
[GIN] 2025/06/30 - 16:01:14 | 204 |      25.667µs |             ::1 | OPTIONS  "/jxc/v1/categories"
[GIN] 2025/06/30 - 16:01:14 | 204 |      55.708µs |             ::1 | OPTIONS  "/jxc/v1/inbound/orders/search"
[GIN] 2025/06/30 - 16:01:14 | 204 |     840.875µs |             ::1 | OPTIONS  "/jxc/v1/categories"
[GIN] 2025/06/30 - 16:01:14 | 200 |   39.716417ms |             ::1 | POST     "/jxc/v1/inbound/orders/search"
[GIN] 2025/06/30 - 16:01:14 | 200 |   39.795959ms |             ::1 | GET      "/jxc/v1/categories"
[GIN] 2025/06/30 - 16:01:14 | 200 |   31.709208ms |             ::1 | GET      "/jxc/v1/categories"
[GIN] 2025/06/30 - 16:01:14 | 200 |   82.302625ms |             ::1 | POST     "/jxc/v1/inbound/orders/search"
[GIN] 2025/06/30 - 16:02:57 | 204 |     144.875µs |             ::1 | OPTIONS  "/jxc/v1/inbound/orders/1"
[GIN] 2025/06/30 - 16:02:57 | 200 |   53.741875ms |             ::1 | GET      "/jxc/v1/inbound/orders/1"
[GIN] 2025/06/30 - 16:03:35 | 204 |        56.5µs |             ::1 | OPTIONS  "/jxc/v1/categories"
[GIN] 2025/06/30 - 16:03:35 | 204 |      51.333µs |             ::1 | OPTIONS  "/jxc/v1/categories"
[GIN] 2025/06/30 - 16:03:35 | 200 |   34.207166ms |             ::1 | GET      "/jxc/v1/categories"
[GIN] 2025/06/30 - 16:03:35 | 200 |     34.7715ms |             ::1 | GET      "/jxc/v1/categories"
[GIN] 2025/06/30 - 16:03:36 | 204 |        12.5µs |             ::1 | OPTIONS  "/jxc/v1/inventory"
[GIN] 2025/06/30 - 16:03:36 | 204 |       4.625µs |             ::1 | OPTIONS  "/jxc/v1/inventory"
[GIN] 2025/06/30 - 16:03:36 | 200 |   22.136333ms |             ::1 | GET      "/jxc/v1/inventory"
[GIN] 2025/06/30 - 16:03:36 | 200 |   34.580291ms |             ::1 | GET      "/jxc/v1/categories"
[GIN] 2025/06/30 - 16:03:36 | 200 |   22.648667ms |             ::1 | GET      "/jxc/v1/inventory"
[GIN] 2025/06/30 - 16:03:36 | 200 |   33.523334ms |             ::1 | GET      "/jxc/v1/categories"
[GIN] 2025/06/30 - 16:03:37 | 200 |   28.544708ms |             ::1 | GET      "/jxc/v1/inventory"
[GIN] 2025/06/30 - 16:03:37 | 200 |    30.32375ms |             ::1 | GET      "/jxc/v1/categories"
[GIN] 2025/06/30 - 16:03:37 | 200 |   24.725125ms |             ::1 | GET      "/jxc/v1/inventory"
[GIN] 2025/06/30 - 16:03:37 | 200 |   27.320375ms |             ::1 | GET      "/jxc/v1/categories"
[GIN] 2025/06/30 - 16:03:42 | 204 |      10.167µs |             ::1 | OPTIONS  "/jxc/v1/categories"
[GIN] 2025/06/30 - 16:03:42 | 204 |      59.042µs |             ::1 | OPTIONS  "/jxc/v1/inventory"
[GIN] 2025/06/30 - 16:03:42 | 204 |        9.75µs |             ::1 | OPTIONS  "/jxc/v1/categories"
[GIN] 2025/06/30 - 16:03:42 | 204 |       8.875µs |             ::1 | OPTIONS  "/jxc/v1/inventory"
[GIN] 2025/06/30 - 16:03:42 | 200 |   22.908791ms |             ::1 | GET      "/jxc/v1/inventory"
[GIN] 2025/06/30 - 16:03:42 | 200 |     31.3355ms |             ::1 | GET      "/jxc/v1/categories"
[GIN] 2025/06/30 - 16:03:42 | 200 |   20.634083ms |             ::1 | GET      "/jxc/v1/inventory"
[GIN] 2025/06/30 - 16:03:42 | 200 |   34.203042ms |             ::1 | GET      "/jxc/v1/categories"
[GIN] 2025/06/30 - 16:03:45 | 200 |    22.50725ms |             ::1 | GET      "/jxc/v1/inventory"
[GIN] 2025/06/30 - 16:03:45 | 200 |   34.423042ms |             ::1 | GET      "/jxc/v1/categories"
[GIN] 2025/06/30 - 16:03:45 | 200 |   25.446209ms |             ::1 | GET      "/jxc/v1/inventory"
[GIN] 2025/06/30 - 16:03:45 | 200 |   34.309083ms |             ::1 | GET      "/jxc/v1/categories"
[GIN] 2025/06/30 - 16:03:49 | 204 |        21.5µs |             ::1 | OPTIONS  "/jxc/v1/categories"
[GIN] 2025/06/30 - 16:03:49 | 204 |      21.625µs |             ::1 | OPTIONS  "/jxc/v1/categories"
[GIN] 2025/06/30 - 16:03:49 | 200 |   32.904208ms |             ::1 | GET      "/jxc/v1/categories"
[GIN] 2025/06/30 - 16:03:49 | 200 |   38.822167ms |             ::1 | GET      "/jxc/v1/categories"
[GIN] 2025/06/30 - 16:03:49 | 204 |      27.583µs |             ::1 | OPTIONS  "/jxc/v1/inbound/orders/search"
[GIN] 2025/06/30 - 16:03:49 | 204 |        5.25µs |             ::1 | OPTIONS  "/jxc/v1/inbound/orders/search"
[GIN] 2025/06/30 - 16:03:49 | 200 |   30.569333ms |             ::1 | GET      "/jxc/v1/categories"
[GIN] 2025/06/30 - 16:03:49 | 200 |    35.42375ms |             ::1 | POST     "/jxc/v1/inbound/orders/search"
[GIN] 2025/06/30 - 16:03:49 | 200 |   33.188791ms |             ::1 | GET      "/jxc/v1/categories"
[GIN] 2025/06/30 - 16:03:49 | 200 |   71.261167ms |             ::1 | POST     "/jxc/v1/inbound/orders/search"
[GIN] 2025/06/30 - 16:03:50 | 204 |      12.625µs |             ::1 | OPTIONS  "/jxc/v1/inventory"
[GIN] 2025/06/30 - 16:03:50 | 204 |       9.167µs |             ::1 | OPTIONS  "/jxc/v1/inventory"
[GIN] 2025/06/30 - 16:03:50 | 200 |   25.072833ms |             ::1 | GET      "/jxc/v1/inventory"
[GIN] 2025/06/30 - 16:03:50 | 200 |   34.113833ms |             ::1 | GET      "/jxc/v1/categories"
[GIN] 2025/06/30 - 16:03:50 | 200 |   21.884125ms |             ::1 | GET      "/jxc/v1/inventory"
[GIN] 2025/06/30 - 16:03:50 | 200 |     35.4525ms |             ::1 | GET      "/jxc/v1/categories"
[GIN] 2025/06/30 - 16:03:51 | 204 |        40.5µs |             ::1 | OPTIONS  "/jxc/v1/users"
[GIN] 2025/06/30 - 16:03:51 | 204 |      57.875µs |             ::1 | OPTIONS  "/jxc/v1/users"
[GIN] 2025/06/30 - 16:03:51 | 200 |   35.807208ms |             ::1 | GET      "/jxc/v1/users"
[GIN] 2025/06/30 - 16:03:51 | 200 |   32.045709ms |             ::1 | GET      "/jxc/v1/users"
[GIN] 2025/06/30 - 16:03:52 | 200 |   29.218708ms |             ::1 | GET      "/jxc/v1/categories"
[GIN] 2025/06/30 - 16:03:52 | 200 |   39.842458ms |             ::1 | POST     "/jxc/v1/inbound/orders/search"
[GIN] 2025/06/30 - 16:03:52 | 200 |   28.742083ms |             ::1 | GET      "/jxc/v1/categories"
[GIN] 2025/06/30 - 16:03:52 | 200 |   73.053458ms |             ::1 | POST     "/jxc/v1/inbound/orders/search"
[GIN] 2025/06/30 - 16:03:53 | 200 |   31.414042ms |             ::1 | GET      "/jxc/v1/categories"
[GIN] 2025/06/30 - 16:03:53 | 200 |     28.7435ms |             ::1 | GET      "/jxc/v1/categories"
[GIN] 2025/06/30 - 16:04:29 | 204 |      21.167µs |             ::1 | OPTIONS  "/jxc/v1/categories"
[GIN] 2025/06/30 - 16:04:29 | 204 |      19.625µs |             ::1 | OPTIONS  "/jxc/v1/categories"
[GIN] 2025/06/30 - 16:04:29 | 200 |   29.201708ms |             ::1 | GET      "/jxc/v1/categories"
[GIN] 2025/06/30 - 16:04:29 | 200 |    29.31025ms |             ::1 | GET      "/jxc/v1/categories"
[GIN] 2025/06/30 - 16:04:31 | 204 |      38.125µs |             ::1 | OPTIONS  "/jxc/v1/inbound/orders/search"
[GIN] 2025/06/30 - 16:04:31 | 204 |       9.375µs |             ::1 | OPTIONS  "/jxc/v1/inbound/orders/search"
[GIN] 2025/06/30 - 16:04:31 | 200 |   27.227167ms |             ::1 | GET      "/jxc/v1/categories"
[GIN] 2025/06/30 - 16:04:31 | 200 |   40.189292ms |             ::1 | POST     "/jxc/v1/inbound/orders/search"
[GIN] 2025/06/30 - 16:04:31 | 200 |   27.454125ms |             ::1 | GET      "/jxc/v1/categories"
[GIN] 2025/06/30 - 16:04:31 | 200 |   64.648459ms |             ::1 | POST     "/jxc/v1/inbound/orders/search"
[GIN] 2025/06/30 - 16:04:45 | 204 |      90.875µs |             ::1 | OPTIONS  "/jxc/v1/inbound/orders/search"
[GIN] 2025/06/30 - 16:04:45 | 204 |      13.916µs |             ::1 | OPTIONS  "/jxc/v1/categories"
[GIN] 2025/06/30 - 16:04:45 | 200 |   34.112375ms |             ::1 | GET      "/jxc/v1/categories"
[GIN] 2025/06/30 - 16:04:45 | 200 |   40.026458ms |             ::1 | POST     "/jxc/v1/inbound/orders/search"
[GIN] 2025/06/30 - 16:06:21 | 204 |     105.625µs |             ::1 | OPTIONS  "/jxc/v1/categories"
[GIN] 2025/06/30 - 16:06:21 | 204 |      27.458µs |             ::1 | OPTIONS  "/jxc/v1/categories"
[GIN] 2025/06/30 - 16:06:21 | 200 |   29.115833ms |             ::1 | GET      "/jxc/v1/categories"
[GIN] 2025/06/30 - 16:06:21 | 200 |   29.281125ms |             ::1 | GET      "/jxc/v1/categories"
[GIN] 2025/06/30 - 16:06:22 | 204 |      15.834µs |             ::1 | OPTIONS  "/jxc/v1/inbound/orders/search"
[GIN] 2025/06/30 - 16:06:22 | 204 |        29.5µs |             ::1 | OPTIONS  "/jxc/v1/inbound/orders/search"
[GIN] 2025/06/30 - 16:06:22 | 200 |   28.883041ms |             ::1 | GET      "/jxc/v1/categories"
[GIN] 2025/06/30 - 16:06:22 | 200 |   41.119334ms |             ::1 | POST     "/jxc/v1/inbound/orders/search"
[GIN] 2025/06/30 - 16:06:22 | 200 |   30.854125ms |             ::1 | GET      "/jxc/v1/categories"
[GIN] 2025/06/30 - 16:06:22 | 200 |   67.749625ms |             ::1 | POST     "/jxc/v1/inbound/orders/search"
[GIN] 2025/06/30 - 16:06:23 | 204 |       6.792µs |             ::1 | OPTIONS  "/jxc/v1/inventory"
[GIN] 2025/06/30 - 16:06:23 | 204 |       9.959µs |             ::1 | OPTIONS  "/jxc/v1/inventory"
[GIN] 2025/06/30 - 16:06:23 | 200 |   27.935167ms |             ::1 | GET      "/jxc/v1/categories"
[GIN] 2025/06/30 - 16:06:23 | 200 |   24.560583ms |             ::1 | GET      "/jxc/v1/inventory"
[GIN] 2025/06/30 - 16:06:23 | 200 |   20.347542ms |             ::1 | GET      "/jxc/v1/inventory"
[GIN] 2025/06/30 - 16:06:23 | 200 |     38.1405ms |             ::1 | GET      "/jxc/v1/categories"
[GIN] 2025/06/30 - 16:06:26 | 204 |      49.708µs |             ::1 | OPTIONS  "/jxc/v1/categories"
[GIN] 2025/06/30 - 16:06:26 | 204 |      42.875µs |             ::1 | OPTIONS  "/jxc/v1/categories"
[GIN] 2025/06/30 - 16:06:26 | 200 |   25.682083ms |             ::1 | GET      "/jxc/v1/inventory"
[GIN] 2025/06/30 - 16:06:26 | 200 |   28.777709ms |             ::1 | GET      "/jxc/v1/categories"
[GIN] 2025/06/30 - 16:06:26 | 200 |   23.457042ms |             ::1 | GET      "/jxc/v1/inventory"
[GIN] 2025/06/30 - 16:06:26 | 200 |   27.633917ms |             ::1 | GET      "/jxc/v1/categories"
[GIN] 2025/06/30 - 16:06:50 | 204 |      42.375µs |             ::1 | OPTIONS  "/jxc/v1/inbound/orders/search"
[GIN] 2025/06/30 - 16:06:50 | 204 |      23.875µs |             ::1 | OPTIONS  "/jxc/v1/categories"
[GIN] 2025/06/30 - 16:06:50 | 204 |       5.625µs |             ::1 | OPTIONS  "/jxc/v1/inbound/orders/search"
[GIN] 2025/06/30 - 16:06:50 | 204 |       4.417µs |             ::1 | OPTIONS  "/jxc/v1/categories"
[GIN] 2025/06/30 - 16:06:50 | 200 |     29.7075ms |             ::1 | GET      "/jxc/v1/categories"
[GIN] 2025/06/30 - 16:06:50 | 200 |   42.449709ms |             ::1 | POST     "/jxc/v1/inbound/orders/search"
[GIN] 2025/06/30 - 16:06:50 | 200 |   28.733625ms |             ::1 | GET      "/jxc/v1/categories"
[GIN] 2025/06/30 - 16:06:50 | 200 |   72.784084ms |             ::1 | POST     "/jxc/v1/inbound/orders/search"
[GIN] 2025/06/30 - 16:06:58 | 204 |      71.334µs |             ::1 | OPTIONS  "/jxc/v1/categories"
[GIN] 2025/06/30 - 16:06:58 | 204 |      57.791µs |             ::1 | OPTIONS  "/jxc/v1/inbound/orders/search"
[GIN] 2025/06/30 - 16:06:59 | 200 |   30.656417ms |             ::1 | GET      "/jxc/v1/categories"
[GIN] 2025/06/30 - 16:06:59 | 200 |      44.131ms |             ::1 | POST     "/jxc/v1/inbound/orders/search"
[GIN] 2025/06/30 - 16:06:59 | 200 |   30.793917ms |             ::1 | GET      "/jxc/v1/categories"
[GIN] 2025/06/30 - 16:06:59 | 200 |   44.956083ms |             ::1 | POST     "/jxc/v1/inbound/orders/search"
[GIN] 2025/06/30 - 16:07:07 | 204 |          19µs |             ::1 | OPTIONS  "/jxc/v1/inbound/orders/search"
[GIN] 2025/06/30 - 16:07:07 | 204 |      17.584µs |             ::1 | OPTIONS  "/jxc/v1/categories"
[GIN] 2025/06/30 - 16:07:07 | 204 |       9.208µs |             ::1 | OPTIONS  "/jxc/v1/inbound/orders/search"
[GIN] 2025/06/30 - 16:07:07 | 204 |        46.5µs |             ::1 | OPTIONS  "/jxc/v1/categories"
[GIN] 2025/06/30 - 16:07:07 | 200 |      37.047ms |             ::1 | POST     "/jxc/v1/inbound/orders/search"
[GIN] 2025/06/30 - 16:07:07 | 200 |   42.853041ms |             ::1 | POST     "/jxc/v1/inbound/orders/search"
[GIN] 2025/06/30 - 16:07:07 | 200 |   57.516791ms |             ::1 | GET      "/jxc/v1/categories"
[GIN] 2025/06/30 - 16:07:07 | 200 |   32.251209ms |             ::1 | GET      "/jxc/v1/categories"
[GIN] 2025/06/30 - 16:07:11 | 200 |   31.775041ms |             ::1 | GET      "/jxc/v1/categories"
[GIN] 2025/06/30 - 16:07:11 | 200 |   45.348542ms |             ::1 | POST     "/jxc/v1/inbound/orders/search"
[GIN] 2025/06/30 - 16:07:11 | 200 |   27.829958ms |             ::1 | GET      "/jxc/v1/categories"
[GIN] 2025/06/30 - 16:07:11 | 200 |   41.163083ms |             ::1 | POST     "/jxc/v1/inbound/orders/search"
[GIN] 2025/06/30 - 16:08:03 | 204 |          64µs |             ::1 | OPTIONS  "/jxc/v1/inbound/orders/search"
[GIN] 2025/06/30 - 16:08:03 | 204 |      41.708µs |             ::1 | OPTIONS  "/jxc/v1/categories"
[GIN] 2025/06/30 - 16:08:03 | 200 |   35.070833ms |             ::1 | GET      "/jxc/v1/categories"
[GIN] 2025/06/30 - 16:08:03 | 200 |    46.78825ms |             ::1 | POST     "/jxc/v1/inbound/orders/search"
[GIN] 2025/06/30 - 16:08:12 | 204 |      50.542µs |             ::1 | OPTIONS  "/jxc/v1/inbound/orders/search"
[GIN] 2025/06/30 - 16:08:12 | 204 |      28.042µs |             ::1 | OPTIONS  "/jxc/v1/categories"
[GIN] 2025/06/30 - 16:08:12 | 200 |      29.609ms |             ::1 | GET      "/jxc/v1/categories"
[GIN] 2025/06/30 - 16:08:12 | 200 |   42.421416ms |             ::1 | POST     "/jxc/v1/inbound/orders/search"
[GIN] 2025/06/30 - 16:09:14 | 204 |      72.292µs |             ::1 | OPTIONS  "/jxc/v1/categories"
[GIN] 2025/06/30 - 16:09:14 | 204 |      41.542µs |             ::1 | OPTIONS  "/jxc/v1/inbound/orders/search"
[GIN] 2025/06/30 - 16:09:14 | 200 |   33.649417ms |             ::1 | GET      "/jxc/v1/categories"
[GIN] 2025/06/30 - 16:09:14 | 200 |   34.849333ms |             ::1 | POST     "/jxc/v1/inbound/orders/search"
[GIN] 2025/06/30 - 16:09:24 | 204 |      10.208µs |             ::1 | OPTIONS  "/jxc/v1/categories"
[GIN] 2025/06/30 - 16:09:24 | 204 |           6µs |             ::1 | OPTIONS  "/jxc/v1/inbound/orders/search"
[GIN] 2025/06/30 - 16:09:24 | 200 |      28.117ms |             ::1 | GET      "/jxc/v1/categories"
[GIN] 2025/06/30 - 16:09:24 | 200 |   45.318708ms |             ::1 | POST     "/jxc/v1/inbound/orders/search"
[GIN] 2025/06/30 - 16:09:45 | 204 |     124.375µs |             ::1 | OPTIONS  "/jxc/v1/inbound/orders/search"
[GIN] 2025/06/30 - 16:09:45 | 204 |     133.542µs |             ::1 | OPTIONS  "/jxc/v1/categories"
[GIN] 2025/06/30 - 16:09:45 | 200 |   28.639791ms |             ::1 | GET      "/jxc/v1/categories"
[GIN] 2025/06/30 - 16:09:45 | 200 |   41.284167ms |             ::1 | POST     "/jxc/v1/inbound/orders/search"
[GIN] 2025/06/30 - 16:21:18 | 204 |      59.541µs |             ::1 | OPTIONS  "/jxc/v1/categories"
[GIN] 2025/06/30 - 16:21:18 | 204 |      63.667µs |             ::1 | OPTIONS  "/jxc/v1/inbound/orders/search"
[GIN] 2025/06/30 - 16:21:18 | 204 |      63.458µs |             ::1 | OPTIONS  "/jxc/v1/categories"
[GIN] 2025/06/30 - 16:21:18 | 204 |      14.208µs |             ::1 | OPTIONS  "/jxc/v1/inbound/orders/search"
[GIN] 2025/06/30 - 16:21:19 | 200 |  150.142125ms |             ::1 | GET      "/jxc/v1/categories"
[GIN] 2025/06/30 - 16:21:19 | 200 |  170.477041ms |             ::1 | POST     "/jxc/v1/inbound/orders/search"

2025/06/30 16:21:19 [32m/Users/yoge/dev/yoge/battery_recycle/internal/repository/user_repository.go:37 [33mSLOW SQL >= 200ms
[0m[31;1m[308.229ms] [33m[rows:1][35m SELECT * FROM `users` WHERE id = 1 AND is_active = true ORDER BY `users`.`id` LIMIT 1[0m
[GIN] 2025/06/30 - 16:21:19 | 200 |  167.947375ms |             ::1 | GET      "/jxc/v1/categories"
[GIN] 2025/06/30 - 16:21:19 | 200 |  336.789791ms |             ::1 | POST     "/jxc/v1/inbound/orders/search"
[GIN] 2025/06/30 - 16:22:12 | 204 |    1.476375ms |             ::1 | OPTIONS  "/jxc/v1/inbound/orders/1"
[GIN] 2025/06/30 - 16:22:12 | 200 |     55.6215ms |             ::1 | GET      "/jxc/v1/inbound/orders/1"
[GIN] 2025/06/30 - 16:35:57 | 204 |     811.958µs |             ::1 | OPTIONS  "/jxc/v1/inbound/orders/search"
[GIN] 2025/06/30 - 16:35:57 | 204 |     835.125µs |             ::1 | OPTIONS  "/jxc/v1/categories"
[GIN] 2025/06/30 - 16:35:57 | 204 |     870.417µs |             ::1 | OPTIONS  "/jxc/v1/categories"
[GIN] 2025/06/30 - 16:35:57 | 204 |     825.208µs |             ::1 | OPTIONS  "/jxc/v1/inbound/orders/search"
[GIN] 2025/06/30 - 16:35:58 | 200 |   66.811291ms |             ::1 | POST     "/jxc/v1/inbound/orders/search"
[GIN] 2025/06/30 - 16:35:58 | 200 |   67.165875ms |             ::1 | GET      "/jxc/v1/categories"
[GIN] 2025/06/30 - 16:35:58 | 200 |   80.112917ms |             ::1 | POST     "/jxc/v1/inbound/orders/search"
[GIN] 2025/06/30 - 16:35:58 | 200 |   36.682292ms |             ::1 | GET      "/jxc/v1/categories"
[GIN] 2025/06/30 - 16:36:13 | 204 |    2.018334ms |             ::1 | OPTIONS  "/jxc/v1/categories"
[GIN] 2025/06/30 - 16:36:13 | 204 |     1.98075ms |             ::1 | OPTIONS  "/jxc/v1/inbound/orders/search"
[GIN] 2025/06/30 - 16:36:13 | 200 |   33.260459ms |             ::1 | GET      "/jxc/v1/categories"
[GIN] 2025/06/30 - 16:36:14 | 200 |   54.843042ms |             ::1 | POST     "/jxc/v1/inbound/orders/search"
[GIN] 2025/06/30 - 16:36:29 | 204 |      40.875µs |             ::1 | OPTIONS  "/jxc/v1/inbound/orders/search"
[GIN] 2025/06/30 - 16:36:29 | 204 |      11.625µs |             ::1 | OPTIONS  "/jxc/v1/categories"
[GIN] 2025/06/30 - 16:36:29 | 200 |   27.686583ms |             ::1 | GET      "/jxc/v1/categories"
[GIN] 2025/06/30 - 16:36:29 | 200 |   44.019291ms |             ::1 | POST     "/jxc/v1/inbound/orders/search"
[GIN] 2025/06/30 - 16:36:47 | 204 |      48.333µs |             ::1 | OPTIONS  "/jxc/v1/inbound/orders/search"
[GIN] 2025/06/30 - 16:36:47 | 204 |     100.666µs |             ::1 | OPTIONS  "/jxc/v1/categories"
[GIN] 2025/06/30 - 16:36:47 | 200 |   29.782125ms |             ::1 | GET      "/jxc/v1/categories"
[GIN] 2025/06/30 - 16:36:47 | 200 |     40.2175ms |             ::1 | POST     "/jxc/v1/inbound/orders/search"
[GIN] 2025/06/30 - 16:37:06 | 204 |       20.25µs |             ::1 | OPTIONS  "/jxc/v1/categories"
[GIN] 2025/06/30 - 16:37:06 | 204 |     162.166µs |             ::1 | OPTIONS  "/jxc/v1/inbound/orders/search"
[GIN] 2025/06/30 - 16:37:06 | 200 |   32.600958ms |             ::1 | GET      "/jxc/v1/categories"
[GIN] 2025/06/30 - 16:37:06 | 200 |   35.100458ms |             ::1 | POST     "/jxc/v1/inbound/orders/search"
[GIN] 2025/06/30 - 16:37:14 | 204 |       18.75µs |             ::1 | OPTIONS  "/jxc/v1/categories"
[GIN] 2025/06/30 - 16:37:14 | 204 |      47.416µs |             ::1 | OPTIONS  "/jxc/v1/inbound/orders/search"
[GIN] 2025/06/30 - 16:37:15 | 200 |   33.180292ms |             ::1 | GET      "/jxc/v1/categories"
[GIN] 2025/06/30 - 16:37:15 | 200 |   37.511042ms |             ::1 | POST     "/jxc/v1/inbound/orders/search"
[GIN] 2025/06/30 - 16:37:38 | 204 |      35.916µs |             ::1 | OPTIONS  "/jxc/v1/inbound/orders/search"
[GIN] 2025/06/30 - 16:37:38 | 204 |       61.25µs |             ::1 | OPTIONS  "/jxc/v1/categories"
[GIN] 2025/06/30 - 16:37:38 | 200 |   33.504917ms |             ::1 | GET      "/jxc/v1/categories"
[GIN] 2025/06/30 - 16:37:39 | 200 |    41.48325ms |             ::1 | POST     "/jxc/v1/inbound/orders/search"
[GIN] 2025/06/30 - 16:37:52 | 204 |      29.042µs |             ::1 | OPTIONS  "/jxc/v1/inbound/orders/search"
[GIN] 2025/06/30 - 16:37:52 | 204 |      40.958µs |             ::1 | OPTIONS  "/jxc/v1/categories"
[GIN] 2025/06/30 - 16:37:53 | 200 |   37.773292ms |             ::1 | GET      "/jxc/v1/categories"
[GIN] 2025/06/30 - 16:37:53 | 200 |   40.026791ms |             ::1 | POST     "/jxc/v1/inbound/orders/search"
[GIN] 2025/06/30 - 16:38:13 | 204 |       46.25µs |             ::1 | OPTIONS  "/jxc/v1/inbound/orders/search"
[GIN] 2025/06/30 - 16:38:13 | 204 |      33.292µs |             ::1 | OPTIONS  "/jxc/v1/categories"
[GIN] 2025/06/30 - 16:38:14 | 200 |   36.913208ms |             ::1 | GET      "/jxc/v1/categories"
[GIN] 2025/06/30 - 16:38:14 | 200 |   39.041042ms |             ::1 | POST     "/jxc/v1/inbound/orders/search"
[GIN] 2025/06/30 - 16:38:29 | 204 |      31.833µs |             ::1 | OPTIONS  "/jxc/v1/inbound/orders/search"
[GIN] 2025/06/30 - 16:38:29 | 204 |      27.417µs |             ::1 | OPTIONS  "/jxc/v1/categories"
[GIN] 2025/06/30 - 16:38:29 | 200 |   33.502083ms |             ::1 | GET      "/jxc/v1/categories"
[GIN] 2025/06/30 - 16:38:29 | 200 |   38.442083ms |             ::1 | POST     "/jxc/v1/inbound/orders/search"
[GIN] 2025/06/30 - 16:38:35 | 204 |      35.292µs |             ::1 | OPTIONS  "/jxc/v1/inbound/orders/search"
[GIN] 2025/06/30 - 16:38:35 | 204 |      16.375µs |             ::1 | OPTIONS  "/jxc/v1/categories"
[GIN] 2025/06/30 - 16:38:35 | 200 |   33.307625ms |             ::1 | GET      "/jxc/v1/categories"
[GIN] 2025/06/30 - 16:38:35 | 200 |   35.879459ms |             ::1 | POST     "/jxc/v1/inbound/orders/search"
[GIN] 2025/06/30 - 16:38:43 | 204 |    1.386167ms |             ::1 | OPTIONS  "/jxc/v1/inbound/orders/search"
[GIN] 2025/06/30 - 16:38:43 | 204 |     380.542µs |             ::1 | OPTIONS  "/jxc/v1/categories"
[GIN] 2025/06/30 - 16:38:44 | 200 |   36.273625ms |             ::1 | GET      "/jxc/v1/categories"
[GIN] 2025/06/30 - 16:38:44 | 200 |   38.142542ms |             ::1 | POST     "/jxc/v1/inbound/orders/search"
[GIN] 2025/06/30 - 16:38:53 | 204 |      10.583µs |             ::1 | OPTIONS  "/jxc/v1/categories"
[GIN] 2025/06/30 - 16:38:53 | 204 |      68.125µs |             ::1 | OPTIONS  "/jxc/v1/inbound/orders/search"
[GIN] 2025/06/30 - 16:38:53 | 200 |    33.79225ms |             ::1 | GET      "/jxc/v1/categories"
[GIN] 2025/06/30 - 16:38:53 | 200 |   36.026667ms |             ::1 | POST     "/jxc/v1/inbound/orders/search"
[GIN] 2025/06/30 - 16:39:00 | 204 |        35.5µs |             ::1 | OPTIONS  "/jxc/v1/inbound/orders/search"
[GIN] 2025/06/30 - 16:39:00 | 204 |     350.542µs |             ::1 | OPTIONS  "/jxc/v1/categories"
[GIN] 2025/06/30 - 16:39:00 | 200 |   33.647625ms |             ::1 | GET      "/jxc/v1/categories"
[GIN] 2025/06/30 - 16:39:00 | 200 |   39.231834ms |             ::1 | POST     "/jxc/v1/inbound/orders/search"
[GIN] 2025/06/30 - 16:47:09 | 204 |     765.125µs |             ::1 | OPTIONS  "/jxc/v1/inbound/orders/search"
[GIN] 2025/06/30 - 16:47:09 | 204 |      32.125µs |             ::1 | OPTIONS  "/jxc/v1/categories"
[GIN] 2025/06/30 - 16:47:09 | 204 |    1.018125ms |             ::1 | OPTIONS  "/jxc/v1/categories"
[GIN] 2025/06/30 - 16:47:09 | 204 |       13.75µs |             ::1 | OPTIONS  "/jxc/v1/inbound/orders/search"
[GIN] 2025/06/30 - 16:47:09 | 200 |   42.427625ms |             ::1 | POST     "/jxc/v1/inbound/orders/search"
[GIN] 2025/06/30 - 16:47:09 | 200 |    49.85525ms |             ::1 | POST     "/jxc/v1/inbound/orders/search"
[GIN] 2025/06/30 - 16:47:09 | 200 |   74.157834ms |             ::1 | GET      "/jxc/v1/categories"
[GIN] 2025/06/30 - 16:47:09 | 200 |   31.890375ms |             ::1 | GET      "/jxc/v1/categories"
[GIN] 2025/06/30 - 16:47:11 | 204 |      47.875µs |             ::1 | OPTIONS  "/jxc/v1/inbound/orders/1"
[GIN] 2025/06/30 - 16:47:11 | 200 |   52.410792ms |             ::1 | GET      "/jxc/v1/inbound/orders/1"
[GIN] 2025/06/30 - 16:47:21 | 204 |      38.291µs |             ::1 | OPTIONS  "/jxc/v1/inbound/orders/1"
[GIN] 2025/06/30 - 16:47:21 | 200 |   55.173291ms |             ::1 | GET      "/jxc/v1/inbound/orders/1"
[GIN] 2025/06/30 - 16:48:07 | 204 |          25µs |             ::1 | OPTIONS  "/jxc/v1/inbound/orders/search"
[GIN] 2025/06/30 - 16:48:07 | 204 |       7.666µs |             ::1 | OPTIONS  "/jxc/v1/categories"
[GIN] 2025/06/30 - 16:48:07 | 200 |    27.39375ms |             ::1 | GET      "/jxc/v1/categories"
[GIN] 2025/06/30 - 16:48:08 | 200 |   47.359583ms |             ::1 | POST     "/jxc/v1/inbound/orders/search"
[GIN] 2025/06/30 - 16:48:24 | 204 |      83.167µs |             ::1 | OPTIONS  "/jxc/v1/inbound/orders/1"
[GIN] 2025/06/30 - 16:48:25 | 200 |   52.065084ms |             ::1 | GET      "/jxc/v1/inbound/orders/1"
[GIN] 2025/06/30 - 16:48:32 | 204 |      50.125µs |             ::1 | OPTIONS  "/jxc/v1/inbound/orders/1"
[GIN] 2025/06/30 - 16:48:32 | 200 |   54.714792ms |             ::1 | GET      "/jxc/v1/inbound/orders/1"
[GIN] 2025/06/30 - 16:51:46 | 204 |     112.625µs |             ::1 | OPTIONS  "/jxc/v1/categories"
[GIN] 2025/06/30 - 16:51:46 | 204 |      27.583µs |             ::1 | OPTIONS  "/jxc/v1/inbound/orders/search"
[GIN] 2025/06/30 - 16:51:47 | 200 |   28.345708ms |             ::1 | GET      "/jxc/v1/categories"
[GIN] 2025/06/30 - 16:51:47 | 200 |   44.009542ms |             ::1 | POST     "/jxc/v1/inbound/orders/search"
[GIN] 2025/06/30 - 16:52:04 | 204 |        9.25µs |             ::1 | OPTIONS  "/jxc/v1/inbound/orders/search"
[GIN] 2025/06/30 - 16:52:04 | 204 |       8.541µs |             ::1 | OPTIONS  "/jxc/v1/categories"
[GIN] 2025/06/30 - 16:52:04 | 200 |   27.343083ms |             ::1 | GET      "/jxc/v1/categories"
[GIN] 2025/06/30 - 16:52:05 | 200 |      42.023ms |             ::1 | POST     "/jxc/v1/inbound/orders/search"
[GIN] 2025/06/30 - 16:52:36 | 204 |      67.583µs |             ::1 | OPTIONS  "/jxc/v1/categories"
[GIN] 2025/06/30 - 16:52:36 | 204 |      21.792µs |             ::1 | OPTIONS  "/jxc/v1/categories"
[GIN] 2025/06/30 - 16:52:36 | 204 |      62.917µs |             ::1 | OPTIONS  "/jxc/v1/inbound/orders/search"
[GIN] 2025/06/30 - 16:52:36 | 204 |     148.375µs |             ::1 | OPTIONS  "/jxc/v1/inbound/orders/search"
[GIN] 2025/06/30 - 16:52:36 | 200 |   32.160167ms |             ::1 | GET      "/jxc/v1/categories"
[GIN] 2025/06/30 - 16:52:36 | 200 |   38.478916ms |             ::1 | POST     "/jxc/v1/inbound/orders/search"
[GIN] 2025/06/30 - 16:52:36 | 200 |   33.557625ms |             ::1 | GET      "/jxc/v1/categories"
[GIN] 2025/06/30 - 16:52:36 | 200 |   70.353292ms |             ::1 | POST     "/jxc/v1/inbound/orders/search"
[GIN] 2025/06/30 - 16:52:39 | 204 |      13.291µs |             ::1 | OPTIONS  "/jxc/v1/inbound/orders/1"
[GIN] 2025/06/30 - 16:52:39 | 200 |       52.23ms |             ::1 | GET      "/jxc/v1/inbound/orders/1"
[GIN] 2025/06/30 - 16:52:48 | 204 |      28.959µs |             ::1 | OPTIONS  "/jxc/v1/inbound/orders/1"
[GIN] 2025/06/30 - 16:52:48 | 200 |   51.743958ms |             ::1 | GET      "/jxc/v1/inbound/orders/1"
[GIN] 2025/06/30 - 16:52:53 | 204 |      10.875µs |             ::1 | OPTIONS  "/jxc/v1/inbound/orders/search"
[GIN] 2025/06/30 - 16:52:53 | 204 |      10.667µs |             ::1 | OPTIONS  "/jxc/v1/categories"
[GIN] 2025/06/30 - 16:52:53 | 200 |   26.852292ms |             ::1 | GET      "/jxc/v1/categories"
[GIN] 2025/06/30 - 16:52:53 | 200 |   41.987334ms |             ::1 | POST     "/jxc/v1/inbound/orders/search"
[GIN] 2025/06/30 - 16:52:53 | 200 |     28.7765ms |             ::1 | GET      "/jxc/v1/categories"
[GIN] 2025/06/30 - 16:52:53 | 200 |   40.366542ms |             ::1 | POST     "/jxc/v1/inbound/orders/search"
[GIN] 2025/06/30 - 16:53:01 | 204 |      13.042µs |             ::1 | OPTIONS  "/jxc/v1/inbound/orders/search"
[GIN] 2025/06/30 - 16:53:01 | 204 |       15.25µs |             ::1 | OPTIONS  "/jxc/v1/inbound/orders/search"
[GIN] 2025/06/30 - 16:53:01 | 204 |      25.917µs |             ::1 | OPTIONS  "/jxc/v1/categories"
[GIN] 2025/06/30 - 16:53:01 | 204 |       19.25µs |             ::1 | OPTIONS  "/jxc/v1/categories"
[GIN] 2025/06/30 - 16:53:01 | 200 |   38.039625ms |             ::1 | POST     "/jxc/v1/inbound/orders/search"
[GIN] 2025/06/30 - 16:53:01 | 200 |   40.607375ms |             ::1 | POST     "/jxc/v1/inbound/orders/search"
[GIN] 2025/06/30 - 16:53:01 | 200 |     64.9745ms |             ::1 | GET      "/jxc/v1/categories"
[GIN] 2025/06/30 - 16:53:01 | 200 |   32.411667ms |             ::1 | GET      "/jxc/v1/categories"
[GIN] 2025/06/30 - 16:53:18 | 204 |      25.625µs |             ::1 | OPTIONS  "/jxc/v1/inbound/orders/1"
[GIN] 2025/06/30 - 16:53:18 | 200 |   59.323542ms |             ::1 | DELETE   "/jxc/v1/inbound/orders/1"
[GIN] 2025/06/30 - 16:53:19 | 204 |       7.667µs |             ::1 | OPTIONS  "/jxc/v1/inbound/orders/search"
[GIN] 2025/06/30 - 16:53:19 | 204 |     105.084µs |             ::1 | OPTIONS  "/jxc/v1/categories"
[GIN] 2025/06/30 - 16:53:20 | 200 |   28.241541ms |             ::1 | GET      "/jxc/v1/categories"
[GIN] 2025/06/30 - 16:53:20 | 200 |   40.923541ms |             ::1 | POST     "/jxc/v1/inbound/orders/search"
[GIN] 2025/06/30 - 16:53:22 | 200 |   34.361958ms |             ::1 | GET      "/jxc/v1/categories"
[GIN] 2025/06/30 - 16:53:22 | 200 |   53.932042ms |             ::1 | POST     "/jxc/v1/inbound/orders/search"
[GIN] 2025/06/30 - 16:53:22 | 200 |   39.995667ms |             ::1 | GET      "/jxc/v1/categories"
[GIN] 2025/06/30 - 16:53:22 | 200 |   114.04775ms |             ::1 | POST     "/jxc/v1/inbound/orders/search"
[GIN] 2025/06/30 - 16:53:28 | 204 |      34.833µs |             ::1 | OPTIONS  "/jxc/v1/inbound/orders/1"
[GIN] 2025/06/30 - 16:53:28 | 200 |   54.984708ms |             ::1 | DELETE   "/jxc/v1/inbound/orders/1"
[GIN] 2025/06/30 - 16:53:31 | 204 |        45.5µs |             ::1 | OPTIONS  "/jxc/v1/inbound/orders/search"
[GIN] 2025/06/30 - 16:53:31 | 204 |      12.875µs |             ::1 | OPTIONS  "/jxc/v1/categories"
[GIN] 2025/06/30 - 16:53:31 | 200 |   36.637792ms |             ::1 | GET      "/jxc/v1/categories"
[GIN] 2025/06/30 - 16:53:31 | 200 |   41.393458ms |             ::1 | POST     "/jxc/v1/inbound/orders/search"
[GIN] 2025/06/30 - 16:55:25 | 204 |     181.542µs |             ::1 | OPTIONS  "/jxc/v1/categories"
[GIN] 2025/06/30 - 16:55:25 | 204 |       54.25µs |             ::1 | OPTIONS  "/jxc/v1/inbound/orders/search"
[GIN] 2025/06/30 - 16:55:26 | 200 |   46.056417ms |             ::1 | GET      "/jxc/v1/categories"
[GIN] 2025/06/30 - 16:55:26 | 200 |    52.37925ms |             ::1 | POST     "/jxc/v1/inbound/orders/search"
[GIN] 2025/06/30 - 18:14:33 | 204 |    1.403542ms |             ::1 | OPTIONS  "/jxc/v1/categories"
[GIN] 2025/06/30 - 18:14:33 | 204 |    1.393125ms |             ::1 | OPTIONS  "/jxc/v1/inbound/orders/search"
[GIN] 2025/06/30 - 18:14:33 | 204 |    1.393209ms |             ::1 | OPTIONS  "/jxc/v1/inbound/orders/search"
[GIN] 2025/06/30 - 18:14:33 | 204 |    1.396208ms |             ::1 | OPTIONS  "/jxc/v1/categories"
[GIN] 2025/06/30 - 18:14:33 | 200 |   57.349959ms |             ::1 | GET      "/jxc/v1/categories"
[GIN] 2025/06/30 - 18:14:33 | 200 |   71.790041ms |             ::1 | POST     "/jxc/v1/inbound/orders/search"
[GIN] 2025/06/30 - 18:14:33 | 200 |   31.011875ms |             ::1 | GET      "/jxc/v1/categories"
[GIN] 2025/06/30 - 18:14:33 | 200 |   92.772417ms |             ::1 | POST     "/jxc/v1/inbound/orders/search"
[GIN] 2025/06/30 - 18:14:58 | 204 |     818.459µs |             ::1 | OPTIONS  "/jxc/v1/categories"
[GIN] 2025/06/30 - 18:14:58 | 204 |     987.667µs |             ::1 | OPTIONS  "/jxc/v1/inbound/orders/search"
[GIN] 2025/06/30 - 18:14:58 | 204 |     988.125µs |             ::1 | OPTIONS  "/jxc/v1/categories"
[GIN] 2025/06/30 - 18:14:58 | 204 |      969.75µs |             ::1 | OPTIONS  "/jxc/v1/inbound/orders/search"
[GIN] 2025/06/30 - 18:14:58 | 200 |   39.554875ms |             ::1 | POST     "/jxc/v1/inbound/orders/search"
[GIN] 2025/06/30 - 18:14:58 | 200 |     47.3785ms |             ::1 | POST     "/jxc/v1/inbound/orders/search"
[GIN] 2025/06/30 - 18:14:58 | 200 |   70.903833ms |             ::1 | GET      "/jxc/v1/categories"
[GIN] 2025/06/30 - 18:14:58 | 200 |   32.886833ms |             ::1 | GET      "/jxc/v1/categories"
[GIN] 2025/06/30 - 18:15:02 | 204 |      39.084µs |             ::1 | OPTIONS  "/jxc/v1/inbound/orders/1"
[GIN] 2025/06/30 - 18:15:02 | 200 |    94.36325ms |             ::1 | GET      "/jxc/v1/inbound/orders/1"
[GIN] 2025/06/30 - 18:15:24 | 204 |      36.583µs |             ::1 | OPTIONS  "/jxc/v1/categories"
[GIN] 2025/06/30 - 18:15:24 | 204 |      18.375µs |             ::1 | OPTIONS  "/jxc/v1/inbound/orders/search"
[GIN] 2025/06/30 - 18:15:24 | 204 |       830.5µs |             ::1 | OPTIONS  "/jxc/v1/categories"
[GIN] 2025/06/30 - 18:15:24 | 204 |    1.036125ms |             ::1 | OPTIONS  "/jxc/v1/inbound/orders/search"
[GIN] 2025/06/30 - 18:15:24 | 200 |   38.950417ms |             ::1 | POST     "/jxc/v1/inbound/orders/search"
[GIN] 2025/06/30 - 18:15:24 | 200 |   40.211917ms |             ::1 | GET      "/jxc/v1/categories"
[GIN] 2025/06/30 - 18:15:25 | 200 |   81.093625ms |             ::1 | POST     "/jxc/v1/inbound/orders/search"
[GIN] 2025/06/30 - 18:15:25 | 200 |     41.1715ms |             ::1 | GET      "/jxc/v1/categories"
[GIN] 2025/06/30 - 18:15:27 | 204 |      28.209µs |             ::1 | OPTIONS  "/jxc/v1/inbound/orders/1"
[GIN] 2025/06/30 - 18:15:27 | 200 |   51.625584ms |             ::1 | GET      "/jxc/v1/inbound/orders/1"
[GIN] 2025/06/30 - 18:17:41 | 204 |      56.458µs |             ::1 | OPTIONS  "/jxc/v1/inbound/orders/search"
[GIN] 2025/06/30 - 18:17:41 | 204 |      14.292µs |             ::1 | OPTIONS  "/jxc/v1/categories"
[GIN] 2025/06/30 - 18:17:41 | 204 |      31.958µs |             ::1 | OPTIONS  "/jxc/v1/inbound/orders/search"
[GIN] 2025/06/30 - 18:17:41 | 204 |      15.583µs |             ::1 | OPTIONS  "/jxc/v1/categories"
[GIN] 2025/06/30 - 18:17:41 | 200 |   66.653667ms |             ::1 | POST     "/jxc/v1/inbound/orders/search"
[GIN] 2025/06/30 - 18:17:41 | 200 |   66.942292ms |             ::1 | GET      "/jxc/v1/categories"
[GIN] 2025/06/30 - 18:17:41 | 200 |     75.4135ms |             ::1 | POST     "/jxc/v1/inbound/orders/search"
[GIN] 2025/06/30 - 18:17:41 | 200 |   34.210834ms |             ::1 | GET      "/jxc/v1/categories"
[GIN] 2025/06/30 - 18:17:44 | 204 |      22.291µs |             ::1 | OPTIONS  "/jxc/v1/inbound/orders/1"
[GIN] 2025/06/30 - 18:17:44 | 200 |   47.305417ms |             ::1 | GET      "/jxc/v1/inbound/orders/1"
[GIN] 2025/06/30 - 18:20:33 | 204 |           9µs |             ::1 | OPTIONS  "/jxc/v1/inbound/orders/search"
[GIN] 2025/06/30 - 18:20:33 | 204 |      15.459µs |             ::1 | OPTIONS  "/jxc/v1/categories"
[GIN] 2025/06/30 - 18:20:33 | 204 |      58.458µs |             ::1 | OPTIONS  "/jxc/v1/categories"
[GIN] 2025/06/30 - 18:20:33 | 204 |       8.042µs |             ::1 | OPTIONS  "/jxc/v1/inbound/orders/search"
[GIN] 2025/06/30 - 18:20:33 | 200 |   63.628583ms |             ::1 | POST     "/jxc/v1/inbound/orders/search"
[GIN] 2025/06/30 - 18:20:33 | 200 |   64.887292ms |             ::1 | POST     "/jxc/v1/inbound/orders/search"
[GIN] 2025/06/30 - 18:20:33 | 200 |   96.402625ms |             ::1 | GET      "/jxc/v1/categories"
[GIN] 2025/06/30 - 18:20:33 | 200 |   34.272709ms |             ::1 | GET      "/jxc/v1/categories"
[GIN] 2025/06/30 - 18:20:35 | 204 |      12.958µs |             ::1 | OPTIONS  "/jxc/v1/inbound/orders/1"
[GIN] 2025/06/30 - 18:20:35 | 200 |    52.48875ms |             ::1 | GET      "/jxc/v1/inbound/orders/1"
[GIN] 2025/06/30 - 18:21:10 | 204 |          18µs |             ::1 | OPTIONS  "/jxc/v1/inbound/orders/search"
[GIN] 2025/06/30 - 18:21:10 | 204 |      49.917µs |             ::1 | OPTIONS  "/jxc/v1/categories"
[GIN] 2025/06/30 - 18:21:10 | 200 |    32.53425ms |             ::1 | GET      "/jxc/v1/categories"
[GIN] 2025/06/30 - 18:21:10 | 200 |   36.775167ms |             ::1 | POST     "/jxc/v1/inbound/orders/search"
[GIN] 2025/06/30 - 18:21:24 | 204 |      12.125µs |             ::1 | OPTIONS  "/jxc/v1/inbound/orders/search"
[GIN] 2025/06/30 - 18:21:24 | 204 |      10.625µs |             ::1 | OPTIONS  "/jxc/v1/categories"
[GIN] 2025/06/30 - 18:21:25 | 200 |   31.196208ms |             ::1 | GET      "/jxc/v1/categories"
[GIN] 2025/06/30 - 18:21:25 | 200 |   34.924167ms |             ::1 | POST     "/jxc/v1/inbound/orders/search"
[GIN] 2025/06/30 - 18:26:02 | 204 |     125.125µs |             ::1 | OPTIONS  "/jxc/v1/inbound/orders/search"
[GIN] 2025/06/30 - 18:26:02 | 204 |      67.666µs |             ::1 | OPTIONS  "/jxc/v1/categories"
[GIN] 2025/06/30 - 18:26:02 | 204 |      41.917µs |             ::1 | OPTIONS  "/jxc/v1/categories"
[GIN] 2025/06/30 - 18:26:02 | 204 |        23.5µs |             ::1 | OPTIONS  "/jxc/v1/inbound/orders/search"
[GIN] 2025/06/30 - 18:26:02 | 200 |   62.031833ms |             ::1 | GET      "/jxc/v1/categories"
[GIN] 2025/06/30 - 18:26:02 | 200 |   69.476125ms |             ::1 | POST     "/jxc/v1/inbound/orders/search"
[GIN] 2025/06/30 - 18:26:02 | 200 |   72.574875ms |             ::1 | POST     "/jxc/v1/inbound/orders/search"
[GIN] 2025/06/30 - 18:26:02 | 200 |   33.780583ms |             ::1 | GET      "/jxc/v1/categories"
[GIN] 2025/06/30 - 18:26:04 | 204 |       8.834µs |             ::1 | OPTIONS  "/jxc/v1/inbound/orders/1"
[GIN] 2025/06/30 - 18:26:04 | 200 |   52.306916ms |             ::1 | GET      "/jxc/v1/inbound/orders/1"
[GIN] 2025/06/30 - 18:28:40 | 204 |     119.166µs |             ::1 | OPTIONS  "/jxc/v1/inbound/orders/1"
[GIN] 2025/06/30 - 18:28:40 | 200 |   56.607666ms |             ::1 | GET      "/jxc/v1/inbound/orders/1"
[GIN] 2025/06/30 - 18:29:27 | 204 |     126.708µs |             ::1 | OPTIONS  "/jxc/v1/categories"
[GIN] 2025/06/30 - 18:29:27 | 204 |        21.5µs |             ::1 | OPTIONS  "/jxc/v1/categories"
[GIN] 2025/06/30 - 18:29:27 | 200 |   37.908792ms |             ::1 | GET      "/jxc/v1/categories"
[GIN] 2025/06/30 - 18:29:27 | 200 |   30.879208ms |             ::1 | GET      "/jxc/v1/categories"
[GIN] 2025/06/30 - 18:29:28 | 204 |      11.666µs |             ::1 | OPTIONS  "/jxc/v1/inbound/orders/search"
[GIN] 2025/06/30 - 18:29:28 | 204 |       6.417µs |             ::1 | OPTIONS  "/jxc/v1/inbound/orders/search"
[GIN] 2025/06/30 - 18:29:28 | 200 |   31.271833ms |             ::1 | GET      "/jxc/v1/categories"
[GIN] 2025/06/30 - 18:29:28 | 200 |   36.049292ms |             ::1 | POST     "/jxc/v1/inbound/orders/search"
[GIN] 2025/06/30 - 18:29:28 | 200 |   36.632958ms |             ::1 | GET      "/jxc/v1/categories"
[GIN] 2025/06/30 - 18:29:28 | 200 |   85.796333ms |             ::1 | POST     "/jxc/v1/inbound/orders/search"
[GIN] 2025/06/30 - 18:30:35 | 204 |      65.209µs |             ::1 | OPTIONS  "/jxc/v1/categories"
[GIN] 2025/06/30 - 18:30:35 | 204 |      91.167µs |             ::1 | OPTIONS  "/jxc/v1/categories"
[GIN] 2025/06/30 - 18:30:36 | 200 |      41.509ms |             ::1 | GET      "/jxc/v1/categories"
[GIN] 2025/06/30 - 18:30:36 | 200 |   30.923917ms |             ::1 | GET      "/jxc/v1/categories"
[GIN] 2025/06/30 - 18:30:36 | 204 |       7.083µs |             ::1 | OPTIONS  "/jxc/v1/inventory"
[GIN] 2025/06/30 - 18:30:36 | 204 |       7.292µs |             ::1 | OPTIONS  "/jxc/v1/inventory"
[GIN] 2025/06/30 - 18:30:36 | 200 |   28.408666ms |             ::1 | GET      "/jxc/v1/inventory"
[GIN] 2025/06/30 - 18:30:36 | 200 |   48.406083ms |             ::1 | GET      "/jxc/v1/categories"
[GIN] 2025/06/30 - 18:30:36 | 200 |    32.62625ms |             ::1 | GET      "/jxc/v1/inventory"
[GIN] 2025/06/30 - 18:30:36 | 200 |   54.042167ms |             ::1 | GET      "/jxc/v1/categories"
[GIN] 2025/06/30 - 18:30:38 | 200 |   36.735583ms |             ::1 | GET      "/jxc/v1/categories"
[GIN] 2025/06/30 - 18:30:38 | 200 |   32.191167ms |             ::1 | GET      "/jxc/v1/categories"
[GIN] 2025/06/30 - 18:30:38 | 200 |   25.650333ms |             ::1 | GET      "/jxc/v1/inventory"
[GIN] 2025/06/30 - 18:30:38 | 200 |       31.36ms |             ::1 | GET      "/jxc/v1/categories"
[GIN] 2025/06/30 - 18:30:38 | 200 |   28.216542ms |             ::1 | GET      "/jxc/v1/inventory"
[GIN] 2025/06/30 - 18:30:38 | 200 |   35.910708ms |             ::1 | GET      "/jxc/v1/categories"
[GIN] 2025/06/30 - 18:30:40 | 204 |           6µs |             ::1 | OPTIONS  "/jxc/v1/users"
[GIN] 2025/06/30 - 18:30:40 | 204 |      12.333µs |             ::1 | OPTIONS  "/jxc/v1/users"
[GIN] 2025/06/30 - 18:30:40 | 200 |   32.990125ms |             ::1 | GET      "/jxc/v1/users"
[GIN] 2025/06/30 - 18:30:40 | 200 |   40.078625ms |             ::1 | GET      "/jxc/v1/users"
[GIN] 2025/06/30 - 18:30:43 | 204 |       24.25µs |             ::1 | OPTIONS  "/jxc/v1/inventory"
[GIN] 2025/06/30 - 18:30:43 | 204 |      11.209µs |             ::1 | OPTIONS  "/jxc/v1/categories"
[GIN] 2025/06/30 - 18:30:43 | 204 |      15.958µs |             ::1 | OPTIONS  "/jxc/v1/inventory"
[GIN] 2025/06/30 - 18:30:43 | 204 |      38.458µs |             ::1 | OPTIONS  "/jxc/v1/categories"
[GIN] 2025/06/30 - 18:30:43 | 200 |   26.832666ms |             ::1 | GET      "/jxc/v1/inventory"
[GIN] 2025/06/30 - 18:30:43 | 200 |    39.05525ms |             ::1 | GET      "/jxc/v1/categories"
[GIN] 2025/06/30 - 18:30:43 | 200 |   22.155167ms |             ::1 | GET      "/jxc/v1/inventory"
[GIN] 2025/06/30 - 18:30:43 | 200 |   30.323209ms |             ::1 | GET      "/jxc/v1/categories"
[GIN] 2025/06/30 - 18:30:49 | 204 |      30.708µs |             ::1 | OPTIONS  "/jxc/v1/inbound/orders/search"
[GIN] 2025/06/30 - 18:30:49 | 204 |      17.166µs |             ::1 | OPTIONS  "/jxc/v1/categories"
[GIN] 2025/06/30 - 18:30:49 | 204 |      28.291µs |             ::1 | OPTIONS  "/jxc/v1/inbound/orders/search"
[GIN] 2025/06/30 - 18:30:49 | 204 |      10.583µs |             ::1 | OPTIONS  "/jxc/v1/categories"
[GIN] 2025/06/30 - 18:30:49 | 200 |   28.970792ms |             ::1 | GET      "/jxc/v1/categories"
[GIN] 2025/06/30 - 18:30:49 | 200 |   43.334833ms |             ::1 | POST     "/jxc/v1/inbound/orders/search"
[GIN] 2025/06/30 - 18:30:49 | 200 |   37.933375ms |             ::1 | GET      "/jxc/v1/categories"
[GIN] 2025/06/30 - 18:30:49 | 200 |    77.57725ms |             ::1 | POST     "/jxc/v1/inbound/orders/search"
[GIN] 2025/06/30 - 18:31:05 | 204 |          40µs |             ::1 | OPTIONS  "/jxc/v1/inbound/orders/1"
[GIN] 2025/06/30 - 18:31:05 | 200 |   46.345083ms |             ::1 | GET      "/jxc/v1/inbound/orders/1"
[GIN] 2025/06/30 - 18:33:54 | 204 |          12µs |             ::1 | OPTIONS  "/jxc/v1/categories"
[GIN] 2025/06/30 - 18:33:54 | 204 |       38.75µs |             ::1 | OPTIONS  "/jxc/v1/inbound/orders/search"
[GIN] 2025/06/30 - 18:33:54 | 204 |       101.5µs |             ::1 | OPTIONS  "/jxc/v1/categories"
[GIN] 2025/06/30 - 18:33:54 | 204 |      13.792µs |             ::1 | OPTIONS  "/jxc/v1/inbound/orders/search"
[GIN] 2025/06/30 - 18:33:54 | 200 |   32.759209ms |             ::1 | GET      "/jxc/v1/categories"
[GIN] 2025/06/30 - 18:33:54 | 200 |   38.380292ms |             ::1 | POST     "/jxc/v1/inbound/orders/search"
[GIN] 2025/06/30 - 18:33:54 | 200 |   32.758167ms |             ::1 | GET      "/jxc/v1/categories"
[GIN] 2025/06/30 - 18:33:54 | 200 |   69.409084ms |             ::1 | POST     "/jxc/v1/inbound/orders/search"
[GIN] 2025/06/30 - 19:19:24 | 204 |         784µs |             ::1 | OPTIONS  "/jxc/v1/categories"
[GIN] 2025/06/30 - 19:19:24 | 204 |     796.334µs |             ::1 | OPTIONS  "/jxc/v1/inbound/orders/search"
[GIN] 2025/06/30 - 19:19:24 | 200 |      29.176ms |             ::1 | GET      "/jxc/v1/categories"
[GIN] 2025/06/30 - 19:19:24 | 200 |   54.719167ms |             ::1 | POST     "/jxc/v1/inbound/orders/search"
[GIN] 2025/06/30 - 19:19:50 | 204 |     233.375µs |             ::1 | OPTIONS  "/jxc/v1/inbound/orders/1"
[GIN] 2025/06/30 - 19:19:50 | 200 |    55.40075ms |             ::1 | GET      "/jxc/v1/inbound/orders/1"
./run-backend.sh: line 20: 49817 Killed: 9               ./battery_recycle
