[GIN-debug] [WARNING] Creating an Engine instance with the Logger and Recovery middleware already attached.

[GIN-debug] [WARNING] Running in "debug" mode. Switch to "release" mode in production.
 - using env:	export GIN_MODE=release
 - using code:	gin.SetMode(gin.ReleaseMode)

[GIN-debug] POST   /jxc/v1/auth/login        --> battery-erp-backend/internal/api/v1.(*AuthController).Login-fm (4 handlers)
[GIN-debug] GET    /jxc/v1/users             --> battery-erp-backend/internal/api/v1.(*UserController).GetAll-fm (6 handlers)
[GIN-debug] POST   /jxc/v1/users             --> battery-erp-backend/internal/api/v1.(*UserController).Create-fm (6 handlers)
[GIN-debug] GET    /jxc/v1/users/:id         --> battery-erp-backend/internal/api/v1.(*UserController).GetByID-fm (6 handlers)
[GIN-debug] PUT    /jxc/v1/users/:id         --> battery-erp-backend/internal/api/v1.(*UserController).Update-fm (6 handlers)
[GIN-debug] DELETE /jxc/v1/users/:id         --> battery-erp-backend/internal/api/v1.(*UserController).Delete-fm (6 handlers)
[GIN-debug] GET    /jxc/v1/categories        --> battery-erp-backend/internal/api/v1.(*CategoryController).GetAll-fm (5 handlers)
[GIN-debug] POST   /jxc/v1/categories        --> battery-erp-backend/internal/api/v1.(*CategoryController).Create-fm (6 handlers)
[GIN-debug] GET    /jxc/v1/categories/:id    --> battery-erp-backend/internal/api/v1.(*CategoryController).GetByID-fm (5 handlers)
[GIN-debug] PUT    /jxc/v1/categories/:id    --> battery-erp-backend/internal/api/v1.(*CategoryController).Update-fm (6 handlers)
[GIN-debug] DELETE /jxc/v1/categories/:id    --> battery-erp-backend/internal/api/v1.(*CategoryController).Delete-fm (6 handlers)
[GIN-debug] GET    /jxc/v1/inbound/orders    --> battery-erp-backend/internal/api/v1.(*InboundController).GetAll-fm (5 handlers)
[GIN-debug] POST   /jxc/v1/inbound/orders    --> battery-erp-backend/internal/api/v1.(*InboundController).Create-fm (5 handlers)
[GIN-debug] GET    /jxc/v1/inbound/orders/:id --> battery-erp-backend/internal/api/v1.(*InboundController).GetByID-fm (5 handlers)
[GIN-debug] PUT    /jxc/v1/inbound/orders/:id --> battery-erp-backend/internal/api/v1.(*InboundController).Update-fm (5 handlers)
[GIN-debug] DELETE /jxc/v1/inbound/orders/:id --> battery-erp-backend/internal/api/v1.(*InboundController).Delete-fm (5 handlers)
[GIN-debug] GET    /jxc/v1/outbound/orders   --> battery-erp-backend/internal/api/v1.(*OutboundController).GetAll-fm (5 handlers)
[GIN-debug] POST   /jxc/v1/outbound/orders   --> battery-erp-backend/internal/api/v1.(*OutboundController).Create-fm (5 handlers)
[GIN-debug] GET    /jxc/v1/outbound/orders/:id --> battery-erp-backend/internal/api/v1.(*OutboundController).GetByID-fm (5 handlers)
[GIN-debug] PUT    /jxc/v1/outbound/orders/:id --> battery-erp-backend/internal/api/v1.(*OutboundController).Update-fm (5 handlers)
[GIN-debug] DELETE /jxc/v1/outbound/orders/:id --> battery-erp-backend/internal/api/v1.(*OutboundController).Delete-fm (5 handlers)
[GIN-debug] GET    /jxc/v1/inventory         --> battery-erp-backend/internal/api/v1.(*InventoryController).GetAll-fm (5 handlers)
[GIN-debug] GET    /jxc/v1/inventory/:categoryId --> battery-erp-backend/internal/api/v1.(*InventoryController).GetByCategoryID-fm (5 handlers)
[GIN-debug] GET    /jxc/v1/reports/summary   --> battery-erp-backend/internal/api/v1.(*ReportController).GetSummary-fm (5 handlers)
2025/06/29 16:05:34 Server starting on port 8036
[GIN-debug] [WARNING] You trusted all proxies, this is NOT safe. We recommend you to set a value.
Please check https://pkg.go.dev/github.com/gin-gonic/gin#readme-don-t-trust-all-proxies for details.
[GIN-debug] Listening and serving HTTP on :8036
[GIN-debug] [WARNING] Creating an Engine instance with the Logger and Recovery middleware already attached.

[GIN-debug] [WARNING] Running in "debug" mode. Switch to "release" mode in production.
 - using env:	export GIN_MODE=release
 - using code:	gin.SetMode(gin.ReleaseMode)

[GIN-debug] POST   /jxc/v1/auth/login        --> battery-erp-backend/internal/api/v1.(*AuthController).Login-fm (4 handlers)
[GIN-debug] GET    /jxc/v1/users             --> battery-erp-backend/internal/api/v1.(*UserController).GetAll-fm (6 handlers)
[GIN-debug] POST   /jxc/v1/users             --> battery-erp-backend/internal/api/v1.(*UserController).Create-fm (6 handlers)
[GIN-debug] GET    /jxc/v1/users/:id         --> battery-erp-backend/internal/api/v1.(*UserController).GetByID-fm (6 handlers)
[GIN-debug] PUT    /jxc/v1/users/:id         --> battery-erp-backend/internal/api/v1.(*UserController).Update-fm (6 handlers)
[GIN-debug] DELETE /jxc/v1/users/:id         --> battery-erp-backend/internal/api/v1.(*UserController).Delete-fm (6 handlers)
[GIN-debug] GET    /jxc/v1/categories        --> battery-erp-backend/internal/api/v1.(*CategoryController).GetAll-fm (5 handlers)
[GIN-debug] POST   /jxc/v1/categories        --> battery-erp-backend/internal/api/v1.(*CategoryController).Create-fm (6 handlers)
[GIN-debug] GET    /jxc/v1/categories/:id    --> battery-erp-backend/internal/api/v1.(*CategoryController).GetByID-fm (5 handlers)
[GIN-debug] PUT    /jxc/v1/categories/:id    --> battery-erp-backend/internal/api/v1.(*CategoryController).Update-fm (6 handlers)
[GIN-debug] DELETE /jxc/v1/categories/:id    --> battery-erp-backend/internal/api/v1.(*CategoryController).Delete-fm (6 handlers)
[GIN-debug] GET    /jxc/v1/inbound/orders    --> battery-erp-backend/internal/api/v1.(*InboundController).GetAll-fm (5 handlers)
[GIN-debug] POST   /jxc/v1/inbound/orders    --> battery-erp-backend/internal/api/v1.(*InboundController).Create-fm (5 handlers)
[GIN-debug] GET    /jxc/v1/inbound/orders/:id --> battery-erp-backend/internal/api/v1.(*InboundController).GetByID-fm (5 handlers)
[GIN-debug] PUT    /jxc/v1/inbound/orders/:id --> battery-erp-backend/internal/api/v1.(*InboundController).Update-fm (5 handlers)
[GIN-debug] DELETE /jxc/v1/inbound/orders/:id --> battery-erp-backend/internal/api/v1.(*InboundController).Delete-fm (5 handlers)
[GIN-debug] GET    /jxc/v1/outbound/orders   --> battery-erp-backend/internal/api/v1.(*OutboundController).GetAll-fm (5 handlers)
[GIN-debug] POST   /jxc/v1/outbound/orders   --> battery-erp-backend/internal/api/v1.(*OutboundController).Create-fm (5 handlers)
[GIN-debug] GET    /jxc/v1/outbound/orders/:id --> battery-erp-backend/internal/api/v1.(*OutboundController).GetByID-fm (5 handlers)
[GIN-debug] PUT    /jxc/v1/outbound/orders/:id --> battery-erp-backend/internal/api/v1.(*OutboundController).Update-fm (5 handlers)
[GIN-debug] DELETE /jxc/v1/outbound/orders/:id --> battery-erp-backend/internal/api/v1.(*OutboundController).Delete-fm (5 handlers)
[GIN-debug] GET    /jxc/v1/inventory         --> battery-erp-backend/internal/api/v1.(*InventoryController).GetAll-fm (5 handlers)
[GIN-debug] GET    /jxc/v1/inventory/:categoryId --> battery-erp-backend/internal/api/v1.(*InventoryController).GetByCategoryID-fm (5 handlers)
[GIN-debug] GET    /jxc/v1/reports/summary   --> battery-erp-backend/internal/api/v1.(*ReportController).GetSummary-fm (5 handlers)
2025/06/29 16:05:37 Server starting on port 8036
[GIN-debug] [WARNING] You trusted all proxies, this is NOT safe. We recommend you to set a value.
Please check https://pkg.go.dev/github.com/gin-gonic/gin#readme-don-t-trust-all-proxies for details.
[GIN-debug] Listening and serving HTTP on :8036
[GIN] 2025/06/29 - 16:05:56 | 204 |      82.121µs |             ::1 | OPTIONS  "/jxc/v1/auth/login"
[GIN] 2025/06/29 - 16:05:57 | 200 |   13.061523ms |             ::1 | POST     "/jxc/v1/auth/login"
[GIN] 2025/06/29 - 16:06:10 | 204 |      15.634µs |             ::1 | OPTIONS  "/jxc/v1/auth/login"
[GIN] 2025/06/29 - 16:06:10 | 200 |    8.355898ms |             ::1 | POST     "/jxc/v1/auth/login"
[GIN] 2025/06/29 - 16:06:18 | 204 |       6.255µs |             ::1 | OPTIONS  "/jxc/v1/auth/login"
[GIN] 2025/06/29 - 16:06:18 | 200 |    9.083499ms |             ::1 | POST     "/jxc/v1/auth/login"
[GIN-debug] [WARNING] Creating an Engine instance with the Logger and Recovery middleware already attached.

[GIN-debug] [WARNING] Running in "debug" mode. Switch to "release" mode in production.
 - using env:	export GIN_MODE=release
 - using code:	gin.SetMode(gin.ReleaseMode)

[GIN-debug] POST   /jxc/v1/auth/login        --> battery-erp-backend/internal/api/v1.(*AuthController).Login-fm (4 handlers)
[GIN-debug] GET    /jxc/v1/users             --> battery-erp-backend/internal/api/v1.(*UserController).GetAll-fm (6 handlers)
[GIN-debug] POST   /jxc/v1/users             --> battery-erp-backend/internal/api/v1.(*UserController).Create-fm (6 handlers)
[GIN-debug] GET    /jxc/v1/users/:id         --> battery-erp-backend/internal/api/v1.(*UserController).GetByID-fm (6 handlers)
[GIN-debug] PUT    /jxc/v1/users/:id         --> battery-erp-backend/internal/api/v1.(*UserController).Update-fm (6 handlers)
[GIN-debug] DELETE /jxc/v1/users/:id         --> battery-erp-backend/internal/api/v1.(*UserController).Delete-fm (6 handlers)
[GIN-debug] GET    /jxc/v1/categories        --> battery-erp-backend/internal/api/v1.(*CategoryController).GetAll-fm (5 handlers)
[GIN-debug] POST   /jxc/v1/categories        --> battery-erp-backend/internal/api/v1.(*CategoryController).Create-fm (6 handlers)
[GIN-debug] GET    /jxc/v1/categories/:id    --> battery-erp-backend/internal/api/v1.(*CategoryController).GetByID-fm (5 handlers)
[GIN-debug] PUT    /jxc/v1/categories/:id    --> battery-erp-backend/internal/api/v1.(*CategoryController).Update-fm (6 handlers)
[GIN-debug] DELETE /jxc/v1/categories/:id    --> battery-erp-backend/internal/api/v1.(*CategoryController).Delete-fm (6 handlers)
[GIN-debug] GET    /jxc/v1/inbound/orders    --> battery-erp-backend/internal/api/v1.(*InboundController).GetAll-fm (5 handlers)
[GIN-debug] POST   /jxc/v1/inbound/orders    --> battery-erp-backend/internal/api/v1.(*InboundController).Create-fm (5 handlers)
[GIN-debug] GET    /jxc/v1/inbound/orders/:id --> battery-erp-backend/internal/api/v1.(*InboundController).GetByID-fm (5 handlers)
[GIN-debug] PUT    /jxc/v1/inbound/orders/:id --> battery-erp-backend/internal/api/v1.(*InboundController).Update-fm (5 handlers)
[GIN-debug] DELETE /jxc/v1/inbound/orders/:id --> battery-erp-backend/internal/api/v1.(*InboundController).Delete-fm (5 handlers)
[GIN-debug] GET    /jxc/v1/outbound/orders   --> battery-erp-backend/internal/api/v1.(*OutboundController).GetAll-fm (5 handlers)
[GIN-debug] POST   /jxc/v1/outbound/orders   --> battery-erp-backend/internal/api/v1.(*OutboundController).Create-fm (5 handlers)
[GIN-debug] GET    /jxc/v1/outbound/orders/:id --> battery-erp-backend/internal/api/v1.(*OutboundController).GetByID-fm (5 handlers)
[GIN-debug] PUT    /jxc/v1/outbound/orders/:id --> battery-erp-backend/internal/api/v1.(*OutboundController).Update-fm (5 handlers)
[GIN-debug] DELETE /jxc/v1/outbound/orders/:id --> battery-erp-backend/internal/api/v1.(*OutboundController).Delete-fm (5 handlers)
[GIN-debug] GET    /jxc/v1/inventory         --> battery-erp-backend/internal/api/v1.(*InventoryController).GetAll-fm (5 handlers)
[GIN-debug] GET    /jxc/v1/inventory/:categoryId --> battery-erp-backend/internal/api/v1.(*InventoryController).GetByCategoryID-fm (5 handlers)
[GIN-debug] GET    /jxc/v1/reports/summary   --> battery-erp-backend/internal/api/v1.(*ReportController).GetSummary-fm (5 handlers)
2025/06/29 16:24:08 Server starting on port 8036
[GIN-debug] [WARNING] You trusted all proxies, this is NOT safe. We recommend you to set a value.
Please check https://pkg.go.dev/github.com/gin-gonic/gin#readme-don-t-trust-all-proxies for details.
[GIN-debug] Listening and serving HTTP on :8036
[GIN] 2025/06/29 - 16:24:37 | 204 |    5.281928ms |             ::1 | OPTIONS  "/jxc/v1/auth/login"
[GIN] 2025/06/29 - 16:24:38 | 200 |   24.758925ms |             ::1 | POST     "/jxc/v1/auth/login"
[GIN] 2025/06/29 - 16:24:48 | 204 |      13.986µs |             ::1 | OPTIONS  "/jxc/v1/auth/login"
[GIN] 2025/06/29 - 16:24:48 | 200 |   50.003373ms |             ::1 | POST     "/jxc/v1/auth/login"
[GIN] 2025/06/29 - 16:25:01 | 204 |       9.152µs |             ::1 | OPTIONS  "/jxc/v1/auth/login"
[GIN] 2025/06/29 - 16:25:01 | 200 |    19.72005ms |             ::1 | POST     "/jxc/v1/auth/login"
[GIN] 2025/06/29 - 16:38:18 | 404 |      18.621µs |             ::1 | POST     "/jxc/auth/login"
[GIN] 2025/06/29 - 16:38:30 | 200 |  165.200298ms |             ::1 | POST     "/jxc/v1/auth/login"
[GIN] 2025/06/29 - 16:39:38 | 404 |       4.081µs |       127.0.0.1 | GET      "/swagger/index.html"
[GIN] 2025/06/29 - 16:39:47 | 404 |       4.997µs |       127.0.0.1 | GET      "/swagger/index.html"
[GIN] 2025/06/29 - 16:40:14 | 404 |       5.549µs |       127.0.0.1 | GET      "/swagger/index.html"
[GIN] 2025/06/29 - 16:40:28 | 404 |      10.235µs |             ::1 | GET      "/swagger/index.html"
[GIN] 2025/06/29 - 16:40:29 | 404 |       3.349µs |             ::1 | GET      "/favicon.ico"
[GIN] 2025/06/29 - 16:40:41 | 404 |        2.53µs |             ::1 | GET      "/swagger"
[GIN-debug] [WARNING] Creating an Engine instance with the Logger and Recovery middleware already attached.

[GIN-debug] [WARNING] Running in "debug" mode. Switch to "release" mode in production.
 - using env:	export GIN_MODE=release
 - using code:	gin.SetMode(gin.ReleaseMode)

[GIN-debug] POST   /jxc/v1/auth/login        --> battery-erp-backend/internal/api/v1.(*AuthController).Login-fm (4 handlers)
[GIN-debug] GET    /jxc/v1/users             --> battery-erp-backend/internal/api/v1.(*UserController).GetAll-fm (6 handlers)
[GIN-debug] POST   /jxc/v1/users             --> battery-erp-backend/internal/api/v1.(*UserController).Create-fm (6 handlers)
[GIN-debug] GET    /jxc/v1/users/:id         --> battery-erp-backend/internal/api/v1.(*UserController).GetByID-fm (6 handlers)
[GIN-debug] PUT    /jxc/v1/users/:id         --> battery-erp-backend/internal/api/v1.(*UserController).Update-fm (6 handlers)
[GIN-debug] DELETE /jxc/v1/users/:id         --> battery-erp-backend/internal/api/v1.(*UserController).Delete-fm (6 handlers)
[GIN-debug] GET    /jxc/v1/categories        --> battery-erp-backend/internal/api/v1.(*CategoryController).GetAll-fm (5 handlers)
[GIN-debug] POST   /jxc/v1/categories        --> battery-erp-backend/internal/api/v1.(*CategoryController).Create-fm (6 handlers)
[GIN-debug] GET    /jxc/v1/categories/:id    --> battery-erp-backend/internal/api/v1.(*CategoryController).GetByID-fm (5 handlers)
[GIN-debug] PUT    /jxc/v1/categories/:id    --> battery-erp-backend/internal/api/v1.(*CategoryController).Update-fm (6 handlers)
[GIN-debug] DELETE /jxc/v1/categories/:id    --> battery-erp-backend/internal/api/v1.(*CategoryController).Delete-fm (6 handlers)
[GIN-debug] GET    /jxc/v1/inbound/orders    --> battery-erp-backend/internal/api/v1.(*InboundController).GetAll-fm (5 handlers)
[GIN-debug] POST   /jxc/v1/inbound/orders    --> battery-erp-backend/internal/api/v1.(*InboundController).Create-fm (5 handlers)
[GIN-debug] GET    /jxc/v1/inbound/orders/:id --> battery-erp-backend/internal/api/v1.(*InboundController).GetByID-fm (5 handlers)
[GIN-debug] PUT    /jxc/v1/inbound/orders/:id --> battery-erp-backend/internal/api/v1.(*InboundController).Update-fm (5 handlers)
[GIN-debug] DELETE /jxc/v1/inbound/orders/:id --> battery-erp-backend/internal/api/v1.(*InboundController).Delete-fm (5 handlers)
[GIN-debug] GET    /jxc/v1/outbound/orders   --> battery-erp-backend/internal/api/v1.(*OutboundController).GetAll-fm (5 handlers)
[GIN-debug] POST   /jxc/v1/outbound/orders   --> battery-erp-backend/internal/api/v1.(*OutboundController).Create-fm (5 handlers)
[GIN-debug] GET    /jxc/v1/outbound/orders/:id --> battery-erp-backend/internal/api/v1.(*OutboundController).GetByID-fm (5 handlers)
[GIN-debug] PUT    /jxc/v1/outbound/orders/:id --> battery-erp-backend/internal/api/v1.(*OutboundController).Update-fm (5 handlers)
[GIN-debug] DELETE /jxc/v1/outbound/orders/:id --> battery-erp-backend/internal/api/v1.(*OutboundController).Delete-fm (5 handlers)
[GIN-debug] GET    /jxc/v1/inventory         --> battery-erp-backend/internal/api/v1.(*InventoryController).GetAll-fm (5 handlers)
[GIN-debug] GET    /jxc/v1/inventory/:categoryId --> battery-erp-backend/internal/api/v1.(*InventoryController).GetByCategoryID-fm (5 handlers)
[GIN-debug] GET    /jxc/v1/reports/summary   --> battery-erp-backend/internal/api/v1.(*ReportController).GetSummary-fm (5 handlers)
2025/06/29 16:41:55 Server starting on port 8036
[GIN-debug] [WARNING] You trusted all proxies, this is NOT safe. We recommend you to set a value.
Please check https://pkg.go.dev/github.com/gin-gonic/gin#readme-don-t-trust-all-proxies for details.
[GIN-debug] Listening and serving HTTP on :8036
[GIN] 2025/06/29 - 16:41:59 | 404 |      19.752µs |             ::1 | GET      "/swagger"
[GIN] 2025/06/29 - 16:42:05 | 404 |       3.548µs |             ::1 | GET      "/swagger/index.html"
[GIN] 2025/06/29 - 16:42:06 | 404 |      23.759µs |             ::1 | GET      "/swagger/index.html"
[GIN] 2025/06/29 - 16:42:16 | 200 |  158.043248ms |             ::1 | POST     "/jxc/v1/auth/login"
[GIN] 2025/06/29 - 16:42:34 | 204 |     392.183µs |             ::1 | OPTIONS  "/jxc/v1/auth/login"
[GIN] 2025/06/29 - 16:42:34 | 200 |  162.999968ms |             ::1 | POST     "/jxc/v1/auth/login"
[GIN] 2025/06/29 - 16:42:53 | 204 |       6.632µs |             ::1 | OPTIONS  "/jxc/v1/categories"
[GIN] 2025/06/29 - 16:42:53 | 204 |        3.53µs |             ::1 | OPTIONS  "/jxc/v1/categories"
[GIN] 2025/06/29 - 16:42:53 | 200 |   29.803093ms |             ::1 | GET      "/jxc/v1/categories"
[GIN] 2025/06/29 - 16:42:53 | 200 |    8.508802ms |             ::1 | GET      "/jxc/v1/categories"
[GIN] 2025/06/29 - 16:43:03 | 204 |       6.537µs |             ::1 | OPTIONS  "/jxc/v1/categories"
[GIN] 2025/06/29 - 16:43:03 | 204 |       8.416µs |             ::1 | OPTIONS  "/jxc/v1/categories"
[GIN] 2025/06/29 - 16:43:03 | 200 |   20.597863ms |             ::1 | GET      "/jxc/v1/categories"
[GIN] 2025/06/29 - 16:43:03 | 200 |    44.68024ms |             ::1 | GET      "/jxc/v1/categories"
[GIN] 2025/06/29 - 16:43:12 | 204 |       6.427µs |             ::1 | OPTIONS  "/jxc/v1/categories"
[GIN] 2025/06/29 - 16:43:12 | 200 |    7.969705ms |             ::1 | GET      "/jxc/v1/categories"
[GIN] 2025/06/29 - 16:43:12 | 204 |       6.381µs |             ::1 | OPTIONS  "/jxc/v1/categories"
[GIN] 2025/06/29 - 16:43:12 | 200 |    5.809901ms |             ::1 | GET      "/jxc/v1/categories"
[GIN] 2025/06/29 - 16:43:40 | 204 |       6.284µs |             ::1 | OPTIONS  "/jxc/v1/categories"
[GIN] 2025/06/29 - 16:43:40 | 204 |       5.384µs |             ::1 | OPTIONS  "/jxc/v1/categories"
[GIN] 2025/06/29 - 16:43:40 | 200 |   80.842407ms |             ::1 | GET      "/jxc/v1/categories"
[GIN] 2025/06/29 - 16:43:40 | 200 |   81.135571ms |             ::1 | GET      "/jxc/v1/categories"
[GIN] 2025/06/29 - 16:44:26 | 204 |      13.554µs |             ::1 | OPTIONS  "/jxc/v1/categories"
[GIN] 2025/06/29 - 16:44:26 | 204 |      19.911µs |             ::1 | OPTIONS  "/jxc/v1/categories"
[GIN] 2025/06/29 - 16:44:26 | 200 |   37.014889ms |             ::1 | GET      "/jxc/v1/categories"
[GIN] 2025/06/29 - 16:44:26 | 200 |   37.427748ms |             ::1 | GET      "/jxc/v1/categories"
[GIN] 2025/06/29 - 16:44:50 | 204 |       7.548µs |             ::1 | OPTIONS  "/jxc/v1/categories"
[GIN] 2025/06/29 - 16:44:50 | 204 |      17.734µs |             ::1 | OPTIONS  "/jxc/v1/categories"
[GIN] 2025/06/29 - 16:44:50 | 200 |   22.586545ms |             ::1 | GET      "/jxc/v1/categories"
[GIN] 2025/06/29 - 16:44:50 | 200 |    7.283143ms |             ::1 | GET      "/jxc/v1/categories"
[GIN] 2025/06/29 - 16:45:27 | 404 |        3.28µs |             ::1 | GET      "/swagger/index.html"
[GIN-debug] [WARNING] Creating an Engine instance with the Logger and Recovery middleware already attached.

[GIN-debug] [WARNING] Running in "debug" mode. Switch to "release" mode in production.
 - using env:	export GIN_MODE=release
 - using code:	gin.SetMode(gin.ReleaseMode)

[GIN-debug] GET    /swagger/*any             --> github.com/swaggo/gin-swagger.CustomWrapHandler.func1 (4 handlers)
[GIN-debug] POST   /jxc/v1/auth/login        --> battery-erp-backend/internal/api/v1.(*AuthController).Login-fm (4 handlers)
[GIN-debug] GET    /jxc/v1/users             --> battery-erp-backend/internal/api/v1.(*UserController).GetAll-fm (6 handlers)
[GIN-debug] POST   /jxc/v1/users             --> battery-erp-backend/internal/api/v1.(*UserController).Create-fm (6 handlers)
[GIN-debug] GET    /jxc/v1/users/:id         --> battery-erp-backend/internal/api/v1.(*UserController).GetByID-fm (6 handlers)
[GIN-debug] PUT    /jxc/v1/users/:id         --> battery-erp-backend/internal/api/v1.(*UserController).Update-fm (6 handlers)
[GIN-debug] DELETE /jxc/v1/users/:id         --> battery-erp-backend/internal/api/v1.(*UserController).Delete-fm (6 handlers)
[GIN-debug] GET    /jxc/v1/categories        --> battery-erp-backend/internal/api/v1.(*CategoryController).GetAll-fm (5 handlers)
[GIN-debug] POST   /jxc/v1/categories        --> battery-erp-backend/internal/api/v1.(*CategoryController).Create-fm (6 handlers)
[GIN-debug] GET    /jxc/v1/categories/:id    --> battery-erp-backend/internal/api/v1.(*CategoryController).GetByID-fm (5 handlers)
[GIN-debug] PUT    /jxc/v1/categories/:id    --> battery-erp-backend/internal/api/v1.(*CategoryController).Update-fm (6 handlers)
[GIN-debug] DELETE /jxc/v1/categories/:id    --> battery-erp-backend/internal/api/v1.(*CategoryController).Delete-fm (6 handlers)
[GIN-debug] GET    /jxc/v1/inbound/orders    --> battery-erp-backend/internal/api/v1.(*InboundController).GetAll-fm (5 handlers)
[GIN-debug] POST   /jxc/v1/inbound/orders    --> battery-erp-backend/internal/api/v1.(*InboundController).Create-fm (5 handlers)
[GIN-debug] GET    /jxc/v1/inbound/orders/:id --> battery-erp-backend/internal/api/v1.(*InboundController).GetByID-fm (5 handlers)
[GIN-debug] PUT    /jxc/v1/inbound/orders/:id --> battery-erp-backend/internal/api/v1.(*InboundController).Update-fm (5 handlers)
[GIN-debug] DELETE /jxc/v1/inbound/orders/:id --> battery-erp-backend/internal/api/v1.(*InboundController).Delete-fm (5 handlers)
[GIN-debug] GET    /jxc/v1/outbound/orders   --> battery-erp-backend/internal/api/v1.(*OutboundController).GetAll-fm (5 handlers)
[GIN-debug] POST   /jxc/v1/outbound/orders   --> battery-erp-backend/internal/api/v1.(*OutboundController).Create-fm (5 handlers)
[GIN-debug] GET    /jxc/v1/outbound/orders/:id --> battery-erp-backend/internal/api/v1.(*OutboundController).GetByID-fm (5 handlers)
[GIN-debug] PUT    /jxc/v1/outbound/orders/:id --> battery-erp-backend/internal/api/v1.(*OutboundController).Update-fm (5 handlers)
[GIN-debug] DELETE /jxc/v1/outbound/orders/:id --> battery-erp-backend/internal/api/v1.(*OutboundController).Delete-fm (5 handlers)
[GIN-debug] GET    /jxc/v1/inventory         --> battery-erp-backend/internal/api/v1.(*InventoryController).GetAll-fm (5 handlers)
[GIN-debug] GET    /jxc/v1/inventory/:categoryId --> battery-erp-backend/internal/api/v1.(*InventoryController).GetByCategoryID-fm (5 handlers)
[GIN-debug] GET    /jxc/v1/reports/summary   --> battery-erp-backend/internal/api/v1.(*ReportController).GetSummary-fm (5 handlers)
2025/06/29 16:47:38 Server starting on port 8036
2025/06/29 16:47:38 Swagger documentation available at: http://localhost:8036/swagger/index.html
[GIN-debug] [WARNING] You trusted all proxies, this is NOT safe. We recommend you to set a value.
Please check https://pkg.go.dev/github.com/gin-gonic/gin#readme-don-t-trust-all-proxies for details.
[GIN-debug] Listening and serving HTTP on :8036
[GIN] 2025/06/29 - 16:47:40 | 200 |     948.915µs |             ::1 | GET      "/swagger/index.html"
[GIN] 2025/06/29 - 16:47:40 | 200 |     594.946µs |             ::1 | GET      "/swagger/swagger-ui-standalone-preset.js"
[GIN] 2025/06/29 - 16:47:40 | 200 |    9.625475ms |             ::1 | GET      "/swagger/swagger-ui.css"
[GIN] 2025/06/29 - 16:47:40 | 200 |   18.179373ms |             ::1 | GET      "/swagger/swagger-ui-bundle.js"
[GIN] 2025/06/29 - 16:47:41 | 200 |    1.130001ms |             ::1 | GET      "/swagger/doc.json"
[GIN] 2025/06/29 - 17:14:08 | 200 |     716.867µs |             ::1 | GET      "/swagger/index.html"
[GIN] 2025/06/29 - 17:14:08 | 304 |     132.398µs |             ::1 | GET      "/swagger/swagger-ui-standalone-preset.js"
[GIN] 2025/06/29 - 17:14:08 | 304 |      40.232µs |             ::1 | GET      "/swagger/swagger-ui-bundle.js"
[GIN] 2025/06/29 - 17:14:08 | 304 |      335.95µs |             ::1 | GET      "/swagger/swagger-ui.css"
[GIN] 2025/06/29 - 17:14:09 | 200 |      650.05µs |             ::1 | GET      "/swagger/doc.json"
[GIN] 2025/06/29 - 17:14:09 | 200 |      108.25µs |             ::1 | GET      "/swagger/favicon-32x32.png"
